mode: set
github.com/pgEdge/postgresql-docs/builder/nav/nav.go:22.53,25.26 2 1
github.com/pgEdge/postgresql-docs/builder/nav/nav.go:25.26,27.3 1 1
github.com/pgEdge/postgresql-docs/builder/nav/nav.go:29.2,29.13 1 1
github.com/pgEdge/postgresql-docs/builder/nav/nav.go:34.69,40.29 4 1
github.com/pgEdge/postgresql-docs/builder/nav/nav.go:40.29,41.32 1 1
github.com/pgEdge/postgresql-docs/builder/nav/nav.go:41.32,42.12 1 1
github.com/pgEdge/postgresql-docs/builder/nav/nav.go:45.3,46.42 2 1
github.com/pgEdge/postgresql-docs/builder/nav/nav.go:46.42,47.36 1 1
github.com/pgEdge/postgresql-docs/builder/nav/nav.go:47.36,49.10 2 1
github.com/pgEdge/postgresql-docs/builder/nav/nav.go:52.3,52.19 1 1
github.com/pgEdge/postgresql-docs/builder/nav/nav.go:52.19,55.4 2 1
github.com/pgEdge/postgresql-docs/builder/nav/nav.go:56.3,56.18 1 1
github.com/pgEdge/postgresql-docs/builder/nav/nav.go:60.2,60.28 1 1
github.com/pgEdge/postgresql-docs/builder/nav/nav.go:60.28,63.18 2 1
github.com/pgEdge/postgresql-docs/builder/nav/nav.go:63.18,65.4 1 1
github.com/pgEdge/postgresql-docs/builder/nav/nav.go:66.8,72.3 2 1
github.com/pgEdge/postgresql-docs/builder/nav/nav.go:76.42,79.38 3 1
github.com/pgEdge/postgresql-docs/builder/nav/nav.go:79.38,81.3 1 1
github.com/pgEdge/postgresql-docs/builder/nav/nav.go:82.2,82.19 1 1
github.com/pgEdge/postgresql-docs/builder/nav/nav.go:86.68,89.30 2 1
github.com/pgEdge/postgresql-docs/builder/nav/nav.go:89.30,91.24 1 1
github.com/pgEdge/postgresql-docs/builder/nav/nav.go:91.24,94.4 1 1
github.com/pgEdge/postgresql-docs/builder/nav/nav.go:94.9,96.4 1 1
github.com/pgEdge/postgresql-docs/builder/nav/nav.go:97.3,97.9 1 1
github.com/pgEdge/postgresql-docs/builder/nav/nav.go:101.2,104.22 2 1
github.com/pgEdge/postgresql-docs/builder/nav/nav.go:104.22,107.3 1 1
github.com/pgEdge/postgresql-docs/builder/nav/nav.go:110.2,110.39 1 1
github.com/pgEdge/postgresql-docs/builder/nav/nav.go:110.39,112.3 1 1
github.com/pgEdge/postgresql-docs/builder/nav/nav.go:118.65,120.16 2 1
github.com/pgEdge/postgresql-docs/builder/nav/nav.go:120.16,122.3 1 1
github.com/pgEdge/postgresql-docs/builder/nav/nav.go:124.2,127.19 2 1
github.com/pgEdge/postgresql-docs/builder/nav/nav.go:127.19,129.30 2 1
github.com/pgEdge/postgresql-docs/builder/nav/nav.go:129.30,130.45 1 1
github.com/pgEdge/postgresql-docs/builder/nav/nav.go:130.45,132.10 2 1
github.com/pgEdge/postgresql-docs/builder/nav/nav.go:135.3,135.38 1 1
github.com/pgEdge/postgresql-docs/builder/nav/nav.go:139.2,140.18 2 1
github.com/pgEdge/postgresql-docs/builder/nav/nav.go:140.18,143.3 1 1
github.com/pgEdge/postgresql-docs/builder/nav/nav.go:143.8,150.30 5 1
github.com/pgEdge/postgresql-docs/builder/nav/nav.go:150.30,151.14 1 1
github.com/pgEdge/postgresql-docs/builder/nav/nav.go:151.14,153.13 2 1
github.com/pgEdge/postgresql-docs/builder/nav/nav.go:155.4,156.21 2 1
github.com/pgEdge/postgresql-docs/builder/nav/nav.go:156.21,158.13 2 1
github.com/pgEdge/postgresql-docs/builder/nav/nav.go:161.4,161.57 1 1
github.com/pgEdge/postgresql-docs/builder/nav/nav.go:161.57,163.36 2 1
github.com/pgEdge/postgresql-docs/builder/nav/nav.go:163.36,165.6 1 1
github.com/pgEdge/postgresql-docs/builder/nav/nav.go:166.5,166.10 1 1
github.com/pgEdge/postgresql-docs/builder/nav/nav.go:168.4,168.15 1 1
github.com/pgEdge/postgresql-docs/builder/nav/nav.go:171.3,171.67 1 1
github.com/pgEdge/postgresql-docs/builder/nav/nav.go:174.2,174.56 1 1
github.com/pgEdge/postgresql-docs/builder/nav/nav.go:178.33,179.50 1 1
github.com/pgEdge/postgresql-docs/builder/nav/nav.go:179.50,181.3 1 1
github.com/pgEdge/postgresql-docs/builder/nav/nav.go:182.2,182.10 1 1
github.com/pgEdge/postgresql-docs/builder/nav/nav.go:186.41,188.2 1 1
github.com/pgEdge/postgresql-docs/builder/nav/nav.go:191.33,196.26 4 1
github.com/pgEdge/postgresql-docs/builder/nav/nav.go:196.26,197.17 1 1
github.com/pgEdge/postgresql-docs/builder/nav/nav.go:197.17,199.4 1 1
github.com/pgEdge/postgresql-docs/builder/nav/nav.go:201.2,201.33 1 1
github.com/pgEdge/postgresql-docs/builder/validate/links.go:44.51,46.16 2 1
github.com/pgEdge/postgresql-docs/builder/validate/links.go:46.16,48.3 1 1
github.com/pgEdge/postgresql-docs/builder/validate/links.go:50.2,50.33 1 1
github.com/pgEdge/postgresql-docs/builder/validate/links.go:50.33,52.3 1 1
github.com/pgEdge/postgresql-docs/builder/validate/links.go:54.2,55.16 2 1
github.com/pgEdge/postgresql-docs/builder/validate/links.go:55.16,57.3 1 1
github.com/pgEdge/postgresql-docs/builder/validate/links.go:59.2,59.20 1 1
github.com/pgEdge/postgresql-docs/builder/validate/links.go:66.39,70.56 2 1
github.com/pgEdge/postgresql-docs/builder/validate/links.go:70.56,71.18 1 1
github.com/pgEdge/postgresql-docs/builder/validate/links.go:71.18,73.5 1 1
github.com/pgEdge/postgresql-docs/builder/validate/links.go:74.4,75.37 1 1
github.com/pgEdge/postgresql-docs/builder/validate/links.go:75.37,77.5 1 1
github.com/pgEdge/postgresql-docs/builder/validate/links.go:79.4,81.18 3 1
github.com/pgEdge/postgresql-docs/builder/validate/links.go:81.18,83.5 1 1
github.com/pgEdge/postgresql-docs/builder/validate/links.go:84.4,88.18 3 1
github.com/pgEdge/postgresql-docs/builder/validate/links.go:88.18,89.19 1 1
github.com/pgEdge/postgresql-docs/builder/validate/links.go:89.19,91.6 1 1
github.com/pgEdge/postgresql-docs/builder/validate/links.go:92.5,92.19 1 1
github.com/pgEdge/postgresql-docs/builder/validate/links.go:92.19,94.6 1 1
github.com/pgEdge/postgresql-docs/builder/validate/links.go:97.4,97.54 1 1
github.com/pgEdge/postgresql-docs/builder/validate/links.go:97.54,99.17 2 1
github.com/pgEdge/postgresql-docs/builder/validate/links.go:99.17,103.6 3 1
github.com/pgEdge/postgresql-docs/builder/validate/links.go:106.4,107.14 2 1
github.com/pgEdge/postgresql-docs/builder/validate/links.go:109.2,109.16 1 1
github.com/pgEdge/postgresql-docs/builder/validate/links.go:109.16,111.3 1 1
github.com/pgEdge/postgresql-docs/builder/validate/links.go:113.2,113.21 1 1
github.com/pgEdge/postgresql-docs/builder/validate/links.go:121.20,125.56 2 1
github.com/pgEdge/postgresql-docs/builder/validate/links.go:125.56,126.18 1 1
github.com/pgEdge/postgresql-docs/builder/validate/links.go:126.18,128.5 1 1
github.com/pgEdge/postgresql-docs/builder/validate/links.go:129.4,130.37 1 1
github.com/pgEdge/postgresql-docs/builder/validate/links.go:130.37,132.5 1 1
github.com/pgEdge/postgresql-docs/builder/validate/links.go:134.4,139.37 5 1
github.com/pgEdge/postgresql-docs/builder/validate/links.go:139.37,141.16 1 1
github.com/pgEdge/postgresql-docs/builder/validate/links.go:141.16,146.42 2 1
github.com/pgEdge/postgresql-docs/builder/validate/links.go:146.42,147.15 1 1
github.com/pgEdge/postgresql-docs/builder/validate/links.go:150.6,152.38 3 1
github.com/pgEdge/postgresql-docs/builder/validate/links.go:152.38,155.7 2 1
github.com/pgEdge/postgresql-docs/builder/validate/links.go:155.12,160.25 4 1
github.com/pgEdge/postgresql-docs/builder/validate/links.go:160.25,162.8 1 1
github.com/pgEdge/postgresql-docs/builder/validate/links.go:165.6,165.43 1 1
github.com/pgEdge/postgresql-docs/builder/validate/links.go:165.43,175.15 2 1
github.com/pgEdge/postgresql-docs/builder/validate/links.go:178.6,178.28 1 1
github.com/pgEdge/postgresql-docs/builder/validate/links.go:178.28,179.45 1 1
github.com/pgEdge/postgresql-docs/builder/validate/links.go:179.45,190.8 1 1
github.com/pgEdge/postgresql-docs/builder/validate/links.go:194.4,194.14 1 1
github.com/pgEdge/postgresql-docs/builder/validate/links.go:196.2,196.16 1 1
github.com/pgEdge/postgresql-docs/builder/validate/links.go:196.16,198.3 1 1
github.com/pgEdge/postgresql-docs/builder/validate/links.go:200.2,200.20 1 1
github.com/pgEdge/postgresql-docs/builder/validate/links.go:205.45,212.28 4 1
github.com/pgEdge/postgresql-docs/builder/validate/links.go:212.28,213.10 1 1
github.com/pgEdge/postgresql-docs/builder/validate/links.go:214.29,215.18 1 1
github.com/pgEdge/postgresql-docs/builder/validate/links.go:216.29,217.18 1 1
github.com/pgEdge/postgresql-docs/builder/validate/links.go:218.29,219.18 1 1
github.com/pgEdge/postgresql-docs/builder/validate/links.go:220.17,221.20 1 1
github.com/pgEdge/postgresql-docs/builder/validate/links.go:225.2,226.37 2 1
github.com/pgEdge/postgresql-docs/builder/validate/links.go:226.37,228.3 1 1
github.com/pgEdge/postgresql-docs/builder/validate/links.go:229.2,229.34 1 1
github.com/pgEdge/postgresql-docs/builder/convert/block.go:13.73,15.2 1 1
github.com/pgEdge/postgresql-docs/builder/convert/block.go:18.73,20.2 1 1
github.com/pgEdge/postgresql-docs/builder/convert/block.go:23.78,25.2 1 1
github.com/pgEdge/postgresql-docs/builder/convert/block.go:28.78,30.2 1 1
github.com/pgEdge/postgresql-docs/builder/convert/block.go:33.76,40.2 4 1
github.com/pgEdge/postgresql-docs/builder/convert/block.go:43.76,53.2 5 1
github.com/pgEdge/postgresql-docs/builder/convert/block.go:56.35,57.13 1 1
github.com/pgEdge/postgresql-docs/builder/convert/block.go:58.40,59.11 1 1
github.com/pgEdge/postgresql-docs/builder/convert/block.go:60.40,61.11 1 1
github.com/pgEdge/postgresql-docs/builder/convert/block.go:62.27,63.11 1 1
github.com/pgEdge/postgresql-docs/builder/convert/block.go:64.27,65.11 1 1
github.com/pgEdge/postgresql-docs/builder/convert/block.go:66.15,67.11 1 1
github.com/pgEdge/postgresql-docs/builder/convert/block.go:68.15,69.11 1 1
github.com/pgEdge/postgresql-docs/builder/convert/block.go:70.10,71.11 1 1
github.com/pgEdge/postgresql-docs/builder/convert/block.go:76.73,78.54 2 1
github.com/pgEdge/postgresql-docs/builder/convert/block.go:78.54,80.3 1 0
github.com/pgEdge/postgresql-docs/builder/convert/block.go:81.2,82.12 2 1
github.com/pgEdge/postgresql-docs/builder/convert/block.go:86.79,89.17 3 1
github.com/pgEdge/postgresql-docs/builder/convert/block.go:89.17,91.3 1 1
github.com/pgEdge/postgresql-docs/builder/convert/block.go:92.2,92.47 1 1
github.com/pgEdge/postgresql-docs/builder/convert/block.go:96.81,99.17 3 1
github.com/pgEdge/postgresql-docs/builder/convert/block.go:99.17,102.3 2 1
github.com/pgEdge/postgresql-docs/builder/convert/block.go:103.2,103.38 1 1
github.com/pgEdge/postgresql-docs/builder/convert/block.go:103.38,104.64 1 1
github.com/pgEdge/postgresql-docs/builder/convert/block.go:104.64,108.65 4 1
github.com/pgEdge/postgresql-docs/builder/convert/block.go:108.65,110.5 1 0
github.com/pgEdge/postgresql-docs/builder/convert/block.go:111.4,111.21 1 1
github.com/pgEdge/postgresql-docs/builder/convert/block.go:114.2,115.12 2 1
github.com/pgEdge/postgresql-docs/builder/convert/block.go:119.80,122.17 3 1
github.com/pgEdge/postgresql-docs/builder/convert/block.go:122.17,125.3 2 1
github.com/pgEdge/postgresql-docs/builder/convert/block.go:126.2,127.38 2 1
github.com/pgEdge/postgresql-docs/builder/convert/block.go:127.38,128.64 1 1
github.com/pgEdge/postgresql-docs/builder/convert/block.go:128.64,134.65 6 1
github.com/pgEdge/postgresql-docs/builder/convert/block.go:134.65,136.5 1 0
github.com/pgEdge/postgresql-docs/builder/convert/block.go:137.4,138.9 2 1
github.com/pgEdge/postgresql-docs/builder/convert/block.go:141.2,142.12 2 1
github.com/pgEdge/postgresql-docs/builder/convert/block.go:146.81,149.17 3 1
github.com/pgEdge/postgresql-docs/builder/convert/block.go:149.17,152.3 2 1
github.com/pgEdge/postgresql-docs/builder/convert/block.go:153.2,153.38 1 1
github.com/pgEdge/postgresql-docs/builder/convert/block.go:153.38,154.68 1 1
github.com/pgEdge/postgresql-docs/builder/convert/block.go:154.68,155.12 1 1
github.com/pgEdge/postgresql-docs/builder/convert/block.go:157.3,158.15 2 1
github.com/pgEdge/postgresql-docs/builder/convert/block.go:158.15,160.4 1 1
github.com/pgEdge/postgresql-docs/builder/convert/block.go:163.3,165.30 3 1
github.com/pgEdge/postgresql-docs/builder/convert/block.go:165.30,168.57 3 1
github.com/pgEdge/postgresql-docs/builder/convert/block.go:168.57,170.5 1 0
github.com/pgEdge/postgresql-docs/builder/convert/block.go:171.4,171.13 1 1
github.com/pgEdge/postgresql-docs/builder/convert/block.go:171.13,173.5 1 1
github.com/pgEdge/postgresql-docs/builder/convert/block.go:174.4,174.49 1 1
github.com/pgEdge/postgresql-docs/builder/convert/block.go:176.3,180.22 3 1
github.com/pgEdge/postgresql-docs/builder/convert/block.go:180.22,184.63 3 1
github.com/pgEdge/postgresql-docs/builder/convert/block.go:184.63,186.5 1 0
github.com/pgEdge/postgresql-docs/builder/convert/block.go:187.4,188.21 2 1
github.com/pgEdge/postgresql-docs/builder/convert/block.go:188.21,192.32 3 1
github.com/pgEdge/postgresql-docs/builder/convert/block.go:192.32,193.16 1 1
github.com/pgEdge/postgresql-docs/builder/convert/block.go:193.16,195.7 1 1
github.com/pgEdge/postgresql-docs/builder/convert/block.go:195.12,196.21 1 1
github.com/pgEdge/postgresql-docs/builder/convert/block.go:196.21,198.8 1 1
github.com/pgEdge/postgresql-docs/builder/convert/block.go:198.13,200.8 1 1
github.com/pgEdge/postgresql-docs/builder/convert/block.go:204.4,204.23 1 1
github.com/pgEdge/postgresql-docs/builder/convert/block.go:207.2,208.12 2 1
github.com/pgEdge/postgresql-docs/builder/convert/block.go:212.79,214.26 2 1
github.com/pgEdge/postgresql-docs/builder/convert/block.go:214.26,217.29 2 1
github.com/pgEdge/postgresql-docs/builder/convert/block.go:217.29,218.13 1 1
github.com/pgEdge/postgresql-docs/builder/convert/block.go:218.13,220.5 1 1
github.com/pgEdge/postgresql-docs/builder/convert/block.go:221.4,221.53 1 1
github.com/pgEdge/postgresql-docs/builder/convert/block.go:221.53,223.5 1 0
github.com/pgEdge/postgresql-docs/builder/convert/block.go:225.3,225.13 1 1
github.com/pgEdge/postgresql-docs/builder/convert/block.go:229.2,230.48 2 1
github.com/pgEdge/postgresql-docs/builder/convert/block.go:230.48,232.52 2 1
github.com/pgEdge/postgresql-docs/builder/convert/block.go:232.52,234.4 1 0
github.com/pgEdge/postgresql-docs/builder/convert/block.go:235.3,235.14 1 1
github.com/pgEdge/postgresql-docs/builder/convert/block.go:237.2,237.12 1 1
github.com/pgEdge/postgresql-docs/builder/convert/block.go:242.79,247.17 4 1
github.com/pgEdge/postgresql-docs/builder/convert/block.go:247.17,249.3 1 1
github.com/pgEdge/postgresql-docs/builder/convert/block.go:249.8,251.3 1 1
github.com/pgEdge/postgresql-docs/builder/convert/block.go:254.2,255.66 2 1
github.com/pgEdge/postgresql-docs/builder/convert/block.go:255.66,257.3 1 0
github.com/pgEdge/postgresql-docs/builder/convert/block.go:259.2,260.52 2 1
github.com/pgEdge/postgresql-docs/builder/convert/block.go:260.52,261.17 1 1
github.com/pgEdge/postgresql-docs/builder/convert/block.go:261.17,263.4 1 1
github.com/pgEdge/postgresql-docs/builder/convert/block.go:263.9,265.4 1 1
github.com/pgEdge/postgresql-docs/builder/convert/block.go:267.2,268.12 2 1
github.com/pgEdge/postgresql-docs/builder/convert/block.go:272.83,274.16 2 1
github.com/pgEdge/postgresql-docs/builder/convert/block.go:274.16,276.3 1 1
github.com/pgEdge/postgresql-docs/builder/convert/block.go:277.2,281.12 4 1
github.com/pgEdge/postgresql-docs/builder/convert/block.go:285.75,290.2 4 1
github.com/pgEdge/postgresql-docs/builder/convert/block.go:293.82,295.27 2 1
github.com/pgEdge/postgresql-docs/builder/convert/block.go:295.27,299.3 3 1
github.com/pgEdge/postgresql-docs/builder/convert/block.go:299.8,305.3 4 1
github.com/pgEdge/postgresql-docs/builder/convert/block.go:306.2,306.12 1 1
github.com/pgEdge/postgresql-docs/builder/convert/block.go:310.77,315.2 4 1
github.com/pgEdge/postgresql-docs/builder/convert/block.go:318.79,322.57 3 1
github.com/pgEdge/postgresql-docs/builder/convert/block.go:322.57,324.3 1 0
github.com/pgEdge/postgresql-docs/builder/convert/block.go:326.2,327.52 2 1
github.com/pgEdge/postgresql-docs/builder/convert/block.go:327.52,329.3 1 1
github.com/pgEdge/postgresql-docs/builder/convert/block.go:330.2,331.12 2 1
github.com/pgEdge/postgresql-docs/builder/convert/block.go:335.76,339.17 3 1
github.com/pgEdge/postgresql-docs/builder/convert/block.go:339.17,341.15 2 1
github.com/pgEdge/postgresql-docs/builder/convert/block.go:341.15,344.4 1 1
github.com/pgEdge/postgresql-docs/builder/convert/block.go:345.3,345.48 1 1
github.com/pgEdge/postgresql-docs/builder/convert/block.go:348.2,348.47 1 1
github.com/pgEdge/postgresql-docs/builder/convert/block.go:352.75,354.17 2 1
github.com/pgEdge/postgresql-docs/builder/convert/block.go:354.17,357.3 2 1
github.com/pgEdge/postgresql-docs/builder/convert/block.go:358.2,358.47 1 1
github.com/pgEdge/postgresql-docs/builder/convert/block.go:363.78,365.19 2 1
github.com/pgEdge/postgresql-docs/builder/convert/block.go:365.19,367.3 1 1
github.com/pgEdge/postgresql-docs/builder/convert/block.go:369.2,373.81 3 1
github.com/pgEdge/postgresql-docs/builder/convert/block.go:373.81,379.66 4 1
github.com/pgEdge/postgresql-docs/builder/convert/block.go:379.66,382.4 2 1
github.com/pgEdge/postgresql-docs/builder/convert/block.go:385.3,386.17 2 1
github.com/pgEdge/postgresql-docs/builder/convert/block.go:386.17,389.4 2 1
github.com/pgEdge/postgresql-docs/builder/convert/block.go:390.3,390.59 1 1
github.com/pgEdge/postgresql-docs/builder/convert/block.go:390.59,392.4 1 0
github.com/pgEdge/postgresql-docs/builder/convert/block.go:395.2,395.12 1 1
github.com/pgEdge/postgresql-docs/builder/convert/block.go:399.77,402.57 3 1
github.com/pgEdge/postgresql-docs/builder/convert/block.go:402.57,404.3 1 0
github.com/pgEdge/postgresql-docs/builder/convert/block.go:405.2,407.12 3 1
github.com/pgEdge/postgresql-docs/builder/convert/block.go:411.78,414.17 3 1
github.com/pgEdge/postgresql-docs/builder/convert/block.go:414.17,417.3 2 1
github.com/pgEdge/postgresql-docs/builder/convert/block.go:418.2,419.38 2 1
github.com/pgEdge/postgresql-docs/builder/convert/block.go:419.38,420.60 1 1
github.com/pgEdge/postgresql-docs/builder/convert/block.go:420.60,426.65 6 1
github.com/pgEdge/postgresql-docs/builder/convert/block.go:426.65,428.5 1 0
github.com/pgEdge/postgresql-docs/builder/convert/block.go:429.4,430.9 2 1
github.com/pgEdge/postgresql-docs/builder/convert/block.go:433.2,434.12 2 1
github.com/pgEdge/postgresql-docs/builder/convert/block.go:439.73,441.2 1 1
github.com/pgEdge/postgresql-docs/builder/convert/block.go:444.77,447.38 3 1
github.com/pgEdge/postgresql-docs/builder/convert/block.go:447.38,448.60 1 1
github.com/pgEdge/postgresql-docs/builder/convert/block.go:448.60,454.65 6 1
github.com/pgEdge/postgresql-docs/builder/convert/block.go:454.65,456.5 1 0
github.com/pgEdge/postgresql-docs/builder/convert/block.go:457.4,458.9 2 1
github.com/pgEdge/postgresql-docs/builder/convert/block.go:461.2,462.12 2 1
github.com/pgEdge/postgresql-docs/builder/convert/block.go:466.74,470.2 3 1
github.com/pgEdge/postgresql-docs/builder/convert/block.go:473.79,475.14 2 1
github.com/pgEdge/postgresql-docs/builder/convert/block.go:475.14,477.3 1 1
github.com/pgEdge/postgresql-docs/builder/convert/block.go:480.2,481.22 2 1
github.com/pgEdge/postgresql-docs/builder/convert/block.go:481.22,485.61 4 1
github.com/pgEdge/postgresql-docs/builder/convert/block.go:485.61,487.4 1 0
github.com/pgEdge/postgresql-docs/builder/convert/block.go:488.3,488.64 1 1
github.com/pgEdge/postgresql-docs/builder/convert/block.go:492.2,493.21 2 1
github.com/pgEdge/postgresql-docs/builder/convert/block.go:493.21,496.62 3 1
github.com/pgEdge/postgresql-docs/builder/convert/block.go:496.62,498.4 1 0
github.com/pgEdge/postgresql-docs/builder/convert/block.go:499.3,500.20 2 1
github.com/pgEdge/postgresql-docs/builder/convert/block.go:500.20,503.31 3 1
github.com/pgEdge/postgresql-docs/builder/convert/block.go:503.31,504.15 1 1
github.com/pgEdge/postgresql-docs/builder/convert/block.go:504.15,506.6 1 1
github.com/pgEdge/postgresql-docs/builder/convert/block.go:506.11,506.26 1 1
github.com/pgEdge/postgresql-docs/builder/convert/block.go:506.26,508.6 1 1
github.com/pgEdge/postgresql-docs/builder/convert/block.go:508.11,510.6 1 1
github.com/pgEdge/postgresql-docs/builder/convert/block.go:513.3,513.22 1 1
github.com/pgEdge/postgresql-docs/builder/convert/block.go:517.2,517.38 1 1
github.com/pgEdge/postgresql-docs/builder/convert/block.go:517.38,518.37 1 1
github.com/pgEdge/postgresql-docs/builder/convert/block.go:518.37,519.62 1 1
github.com/pgEdge/postgresql-docs/builder/convert/block.go:519.62,520.54 1 1
github.com/pgEdge/postgresql-docs/builder/convert/block.go:520.54,522.6 1 0
github.com/pgEdge/postgresql-docs/builder/convert/block.go:527.2,527.12 1 1
github.com/pgEdge/postgresql-docs/builder/convert/block.go:531.77,533.54 2 1
github.com/pgEdge/postgresql-docs/builder/convert/block.go:533.54,535.3 1 0
github.com/pgEdge/postgresql-docs/builder/convert/block.go:536.2,537.12 2 1
github.com/pgEdge/postgresql-docs/builder/convert/block.go:541.81,543.54 2 1
github.com/pgEdge/postgresql-docs/builder/convert/block.go:543.54,545.3 1 0
github.com/pgEdge/postgresql-docs/builder/convert/block.go:546.2,547.12 2 1
github.com/pgEdge/postgresql-docs/builder/convert/block.go:551.81,556.22 5 1
github.com/pgEdge/postgresql-docs/builder/convert/block.go:556.22,558.3 1 1
github.com/pgEdge/postgresql-docs/builder/convert/block.go:559.2,559.20 1 1
github.com/pgEdge/postgresql-docs/builder/convert/block.go:559.20,561.3 1 1
github.com/pgEdge/postgresql-docs/builder/convert/block.go:562.2,562.15 1 1
github.com/pgEdge/postgresql-docs/builder/convert/block.go:562.15,564.3 1 1
github.com/pgEdge/postgresql-docs/builder/convert/block.go:564.8,566.3 1 1
github.com/pgEdge/postgresql-docs/builder/convert/block.go:567.2,567.12 1 1
github.com/pgEdge/postgresql-docs/builder/convert/block.go:571.78,574.2 2 1
github.com/pgEdge/postgresql-docs/builder/convert/block.go:577.80,579.19 2 1
github.com/pgEdge/postgresql-docs/builder/convert/block.go:579.19,581.3 1 1
github.com/pgEdge/postgresql-docs/builder/convert/block.go:582.2,582.12 1 1
github.com/pgEdge/postgresql-docs/builder/convert/block.go:587.86,589.38 2 1
github.com/pgEdge/postgresql-docs/builder/convert/block.go:589.38,590.34 1 1
github.com/pgEdge/postgresql-docs/builder/convert/block.go:590.34,592.18 2 1
github.com/pgEdge/postgresql-docs/builder/convert/block.go:592.18,594.5 1 0
github.com/pgEdge/postgresql-docs/builder/convert/block.go:595.4,595.12 1 1
github.com/pgEdge/postgresql-docs/builder/convert/block.go:597.3,597.37 1 1
github.com/pgEdge/postgresql-docs/builder/convert/block.go:597.37,598.36 1 1
github.com/pgEdge/postgresql-docs/builder/convert/block.go:598.36,601.58 2 1
github.com/pgEdge/postgresql-docs/builder/convert/block.go:601.58,603.6 1 0
github.com/pgEdge/postgresql-docs/builder/convert/block.go:604.5,605.13 2 1
github.com/pgEdge/postgresql-docs/builder/convert/block.go:607.4,608.53 2 1
github.com/pgEdge/postgresql-docs/builder/convert/block.go:608.53,610.5 1 0
github.com/pgEdge/postgresql-docs/builder/convert/block.go:613.2,613.12 1 1
github.com/pgEdge/postgresql-docs/builder/convert/block.go:617.43,619.18 2 1
github.com/pgEdge/postgresql-docs/builder/convert/block.go:619.18,621.3 1 1
github.com/pgEdge/postgresql-docs/builder/convert/block.go:623.2,625.39 3 1
github.com/pgEdge/postgresql-docs/builder/convert/block.go:625.39,626.34 1 1
github.com/pgEdge/postgresql-docs/builder/convert/block.go:626.34,628.4 1 1
github.com/pgEdge/postgresql-docs/builder/convert/block.go:628.9,628.44 1 1
github.com/pgEdge/postgresql-docs/builder/convert/block.go:628.44,631.22 2 1
github.com/pgEdge/postgresql-docs/builder/convert/block.go:631.22,633.5 1 1
github.com/pgEdge/postgresql-docs/builder/convert/block.go:633.10,635.5 1 1
github.com/pgEdge/postgresql-docs/builder/convert/block.go:639.2,640.36 2 1
github.com/pgEdge/postgresql-docs/builder/convert/block.go:645.66,648.28 3 1
github.com/pgEdge/postgresql-docs/builder/convert/block.go:648.28,649.30 1 1
github.com/pgEdge/postgresql-docs/builder/convert/block.go:649.30,652.4 2 1
github.com/pgEdge/postgresql-docs/builder/convert/block.go:653.3,653.53 1 1
github.com/pgEdge/postgresql-docs/builder/convert/block.go:653.53,655.4 1 1
github.com/pgEdge/postgresql-docs/builder/convert/block.go:656.3,656.36 1 1
github.com/pgEdge/postgresql-docs/builder/convert/block.go:656.36,658.4 1 1
github.com/pgEdge/postgresql-docs/builder/convert/block.go:660.2,661.59 2 1
github.com/pgEdge/postgresql-docs/builder/convert/block.go:665.87,666.38 1 1
github.com/pgEdge/postgresql-docs/builder/convert/block.go:666.38,668.57 1 1
github.com/pgEdge/postgresql-docs/builder/convert/block.go:668.57,669.12 1 1
github.com/pgEdge/postgresql-docs/builder/convert/block.go:671.3,671.52 1 1
github.com/pgEdge/postgresql-docs/builder/convert/block.go:671.52,673.4 1 0
github.com/pgEdge/postgresql-docs/builder/convert/block.go:675.2,675.12 1 1
github.com/pgEdge/postgresql-docs/builder/convert/block.go:680.45,683.28 3 1
github.com/pgEdge/postgresql-docs/builder/convert/block.go:683.28,684.17 1 1
github.com/pgEdge/postgresql-docs/builder/convert/block.go:685.22,686.25 1 1
github.com/pgEdge/postgresql-docs/builder/convert/block.go:687.25,689.30 1 1
github.com/pgEdge/postgresql-docs/builder/convert/block.go:689.30,693.5 3 1
github.com/pgEdge/postgresql-docs/builder/convert/block.go:695.4,695.27 1 1
github.com/pgEdge/postgresql-docs/builder/convert/block.go:695.27,697.34 2 1
github.com/pgEdge/postgresql-docs/builder/convert/block.go:697.34,699.6 1 1
github.com/pgEdge/postgresql-docs/builder/convert/block.go:700.5,701.11 2 1
github.com/pgEdge/postgresql-docs/builder/convert/block.go:703.4,703.33 1 1
github.com/pgEdge/postgresql-docs/builder/convert/block.go:703.33,705.5 1 1
github.com/pgEdge/postgresql-docs/builder/convert/block.go:708.2,709.44 2 1
github.com/pgEdge/postgresql-docs/builder/convert/block.go:713.45,730.34 3 1
github.com/pgEdge/postgresql-docs/builder/convert/block.go:730.34,732.3 1 1
github.com/pgEdge/postgresql-docs/builder/convert/block.go:734.2,734.11 1 1
github.com/pgEdge/postgresql-docs/builder/convert/context.go:64.75,73.2 1 1
github.com/pgEdge/postgresql-docs/builder/convert/context.go:76.62,79.2 2 1
github.com/pgEdge/postgresql-docs/builder/convert/context.go:82.74,89.2 1 1
github.com/pgEdge/postgresql-docs/builder/convert/context.go:92.60,100.2 2 1
github.com/pgEdge/postgresql-docs/builder/convert/context.go:104.67,106.9 2 1
github.com/pgEdge/postgresql-docs/builder/convert/context.go:106.9,108.3 1 1
github.com/pgEdge/postgresql-docs/builder/convert/context.go:111.2,113.16 3 1
github.com/pgEdge/postgresql-docs/builder/convert/context.go:113.16,115.3 1 0
github.com/pgEdge/postgresql-docs/builder/convert/context.go:118.2,118.35 1 1
github.com/pgEdge/postgresql-docs/builder/convert/context.go:118.35,120.3 1 1
github.com/pgEdge/postgresql-docs/builder/convert/context.go:122.2,123.24 2 1
github.com/pgEdge/postgresql-docs/builder/convert/context.go:123.24,125.3 1 1
github.com/pgEdge/postgresql-docs/builder/convert/context.go:127.2,127.32 1 1
github.com/pgEdge/postgresql-docs/builder/convert/context.go:131.31,134.22 3 1
github.com/pgEdge/postgresql-docs/builder/convert/context.go:134.22,135.10 1 1
github.com/pgEdge/postgresql-docs/builder/convert/context.go:136.29,137.18 1 1
github.com/pgEdge/postgresql-docs/builder/convert/context.go:138.29,139.18 1 1
github.com/pgEdge/postgresql-docs/builder/convert/context.go:140.29,141.18 1 1
github.com/pgEdge/postgresql-docs/builder/convert/context.go:142.41,143.20 1 1
github.com/pgEdge/postgresql-docs/builder/convert/context.go:147.2,148.37 2 1
github.com/pgEdge/postgresql-docs/builder/convert/context.go:148.37,150.3 1 1
github.com/pgEdge/postgresql-docs/builder/convert/context.go:151.2,151.34 1 1
github.com/pgEdge/postgresql-docs/builder/convert/converter.go:18.79,22.2 1 1
github.com/pgEdge/postgresql-docs/builder/convert/converter.go:25.37,30.44 2 1
github.com/pgEdge/postgresql-docs/builder/convert/converter.go:30.44,32.3 1 1
github.com/pgEdge/postgresql-docs/builder/convert/converter.go:34.2,34.12 1 1
github.com/pgEdge/postgresql-docs/builder/convert/converter.go:38.41,40.2 1 1
github.com/pgEdge/postgresql-docs/builder/convert/converter.go:43.42,45.2 1 1
github.com/pgEdge/postgresql-docs/builder/convert/converter.go:48.40,50.2 1 1
github.com/pgEdge/postgresql-docs/builder/convert/converter.go:55.49,58.17 2 1
github.com/pgEdge/postgresql-docs/builder/convert/converter.go:58.17,60.39 1 1
github.com/pgEdge/postgresql-docs/builder/convert/converter.go:60.39,61.38 1 1
github.com/pgEdge/postgresql-docs/builder/convert/converter.go:61.38,63.5 1 1
github.com/pgEdge/postgresql-docs/builder/convert/converter.go:65.3,65.9 1 1
github.com/pgEdge/postgresql-docs/builder/convert/converter.go:68.2,69.18 2 1
github.com/pgEdge/postgresql-docs/builder/convert/converter.go:69.18,71.3 1 1
github.com/pgEdge/postgresql-docs/builder/convert/converter.go:73.2,73.29 1 1
github.com/pgEdge/postgresql-docs/builder/convert/converter.go:77.73,78.38 1 1
github.com/pgEdge/postgresql-docs/builder/convert/converter.go:78.38,79.37 1 1
github.com/pgEdge/postgresql-docs/builder/convert/converter.go:79.37,80.12 1 1
github.com/pgEdge/postgresql-docs/builder/convert/converter.go:82.3,82.34 1 1
github.com/pgEdge/postgresql-docs/builder/convert/converter.go:88.68,89.18 1 1
github.com/pgEdge/postgresql-docs/builder/convert/converter.go:90.14,91.30 1 1
github.com/pgEdge/postgresql-docs/builder/convert/converter.go:92.19,93.35 1 1
github.com/pgEdge/postgresql-docs/builder/convert/converter.go:94.40,95.33 1 1
github.com/pgEdge/postgresql-docs/builder/convert/converter.go:96.18,97.34 1 1
github.com/pgEdge/postgresql-docs/builder/convert/converter.go:98.26,99.36 1 1
github.com/pgEdge/postgresql-docs/builder/convert/converter.go:100.10,104.39 2 1
github.com/pgEdge/postgresql-docs/builder/convert/converter.go:104.39,105.38 1 1
github.com/pgEdge/postgresql-docs/builder/convert/converter.go:105.38,107.5 1 1
github.com/pgEdge/postgresql-docs/builder/convert/converter.go:113.65,117.28 4 1
github.com/pgEdge/postgresql-docs/builder/convert/converter.go:117.28,119.3 1 1
github.com/pgEdge/postgresql-docs/builder/convert/converter.go:120.2,120.16 1 1
github.com/pgEdge/postgresql-docs/builder/convert/converter.go:120.16,122.3 1 1
github.com/pgEdge/postgresql-docs/builder/convert/converter.go:124.2,127.14 3 1
github.com/pgEdge/postgresql-docs/builder/convert/converter.go:127.14,129.3 1 1
github.com/pgEdge/postgresql-docs/builder/convert/converter.go:131.2,134.38 2 1
github.com/pgEdge/postgresql-docs/builder/convert/converter.go:134.38,135.37 1 1
github.com/pgEdge/postgresql-docs/builder/convert/converter.go:135.37,136.21 1 1
github.com/pgEdge/postgresql-docs/builder/convert/converter.go:137.31,138.34 1 1
github.com/pgEdge/postgresql-docs/builder/convert/converter.go:139.21,140.36 1 1
github.com/pgEdge/postgresql-docs/builder/convert/converter.go:141.20,142.35 1 1
github.com/pgEdge/postgresql-docs/builder/convert/converter.go:143.21,144.45 1 1
github.com/pgEdge/postgresql-docs/builder/convert/converter.go:145.12,146.34 1 1
github.com/pgEdge/postgresql-docs/builder/convert/converter.go:154.70,158.28 4 1
github.com/pgEdge/postgresql-docs/builder/convert/converter.go:158.28,160.3 1 1
github.com/pgEdge/postgresql-docs/builder/convert/converter.go:161.2,161.16 1 1
github.com/pgEdge/postgresql-docs/builder/convert/converter.go:161.16,163.3 1 1
github.com/pgEdge/postgresql-docs/builder/convert/converter.go:165.2,168.14 3 1
github.com/pgEdge/postgresql-docs/builder/convert/converter.go:168.14,170.3 1 1
github.com/pgEdge/postgresql-docs/builder/convert/converter.go:172.2,176.22 3 1
github.com/pgEdge/postgresql-docs/builder/convert/converter.go:176.22,178.3 1 1
github.com/pgEdge/postgresql-docs/builder/convert/converter.go:181.2,181.38 1 1
github.com/pgEdge/postgresql-docs/builder/convert/converter.go:181.38,182.64 1 1
github.com/pgEdge/postgresql-docs/builder/convert/converter.go:182.64,184.4 1 1
github.com/pgEdge/postgresql-docs/builder/convert/converter.go:190.68,194.28 4 1
github.com/pgEdge/postgresql-docs/builder/convert/converter.go:194.28,196.3 1 1
github.com/pgEdge/postgresql-docs/builder/convert/converter.go:197.2,197.16 1 1
github.com/pgEdge/postgresql-docs/builder/convert/converter.go:197.16,199.3 1 1
github.com/pgEdge/postgresql-docs/builder/convert/converter.go:201.2,204.14 3 1
github.com/pgEdge/postgresql-docs/builder/convert/converter.go:204.14,206.3 1 1
github.com/pgEdge/postgresql-docs/builder/convert/converter.go:209.2,210.22 2 1
github.com/pgEdge/postgresql-docs/builder/convert/converter.go:210.22,212.3 1 1
github.com/pgEdge/postgresql-docs/builder/convert/converter.go:214.2,214.22 1 1
github.com/pgEdge/postgresql-docs/builder/convert/converter.go:214.22,217.15 2 1
github.com/pgEdge/postgresql-docs/builder/convert/converter.go:217.15,219.4 1 1
github.com/pgEdge/postgresql-docs/builder/convert/converter.go:220.3,222.9 3 1
github.com/pgEdge/postgresql-docs/builder/convert/converter.go:226.2,229.38 2 1
github.com/pgEdge/postgresql-docs/builder/convert/converter.go:229.38,231.51 1 1
github.com/pgEdge/postgresql-docs/builder/convert/converter.go:231.51,233.4 1 1
github.com/pgEdge/postgresql-docs/builder/convert/converter.go:237.2,237.30 1 1
github.com/pgEdge/postgresql-docs/builder/convert/converter.go:237.30,239.3 1 1
github.com/pgEdge/postgresql-docs/builder/convert/converter.go:242.2,242.52 1 1
github.com/pgEdge/postgresql-docs/builder/convert/converter.go:242.52,244.3 1 1
github.com/pgEdge/postgresql-docs/builder/convert/converter.go:249.79,253.28 4 1
github.com/pgEdge/postgresql-docs/builder/convert/converter.go:253.28,255.3 1 1
github.com/pgEdge/postgresql-docs/builder/convert/converter.go:256.2,256.16 1 1
github.com/pgEdge/postgresql-docs/builder/convert/converter.go:256.16,258.3 1 1
github.com/pgEdge/postgresql-docs/builder/convert/converter.go:260.2,262.14 2 1
github.com/pgEdge/postgresql-docs/builder/convert/converter.go:262.14,264.3 1 1
github.com/pgEdge/postgresql-docs/builder/convert/converter.go:266.2,269.41 2 1
github.com/pgEdge/postgresql-docs/builder/convert/converter.go:273.69,278.20 4 1
github.com/pgEdge/postgresql-docs/builder/convert/converter.go:278.20,280.23 2 1
github.com/pgEdge/postgresql-docs/builder/convert/converter.go:280.23,282.4 1 1
github.com/pgEdge/postgresql-docs/builder/convert/converter.go:284.2,284.17 1 1
github.com/pgEdge/postgresql-docs/builder/convert/converter.go:284.17,286.24 2 1
github.com/pgEdge/postgresql-docs/builder/convert/converter.go:286.24,288.23 2 1
github.com/pgEdge/postgresql-docs/builder/convert/converter.go:288.23,290.5 1 1
github.com/pgEdge/postgresql-docs/builder/convert/converter.go:294.2,295.28 2 1
github.com/pgEdge/postgresql-docs/builder/convert/converter.go:295.28,297.3 1 1
github.com/pgEdge/postgresql-docs/builder/convert/converter.go:298.2,298.16 1 1
github.com/pgEdge/postgresql-docs/builder/convert/converter.go:298.16,300.3 1 1
github.com/pgEdge/postgresql-docs/builder/convert/converter.go:302.2,304.14 2 1
github.com/pgEdge/postgresql-docs/builder/convert/converter.go:304.14,306.3 1 1
github.com/pgEdge/postgresql-docs/builder/convert/converter.go:308.2,311.41 2 1
github.com/pgEdge/postgresql-docs/builder/convert/converter.go:315.66,317.14 2 1
github.com/pgEdge/postgresql-docs/builder/convert/converter.go:317.14,319.3 1 1
github.com/pgEdge/postgresql-docs/builder/convert/converter.go:320.2,321.17 2 1
github.com/pgEdge/postgresql-docs/builder/convert/converter.go:321.17,323.3 1 1
github.com/pgEdge/postgresql-docs/builder/convert/converter.go:324.2,324.49 1 1
github.com/pgEdge/postgresql-docs/builder/convert/converter.go:328.73,330.28 2 1
github.com/pgEdge/postgresql-docs/builder/convert/converter.go:330.28,331.33 1 1
github.com/pgEdge/postgresql-docs/builder/convert/converter.go:331.33,333.4 1 1
github.com/pgEdge/postgresql-docs/builder/convert/converter.go:334.3,335.15 2 1
github.com/pgEdge/postgresql-docs/builder/convert/converter.go:335.15,338.19 2 1
github.com/pgEdge/postgresql-docs/builder/convert/converter.go:338.19,340.5 1 1
github.com/pgEdge/postgresql-docs/builder/convert/converter.go:341.4,341.19 1 1
github.com/pgEdge/postgresql-docs/builder/convert/converter.go:341.19,344.32 1 1
github.com/pgEdge/postgresql-docs/builder/convert/converter.go:344.32,346.24 2 1
github.com/pgEdge/postgresql-docs/builder/convert/converter.go:346.24,349.7 1 1
github.com/pgEdge/postgresql-docs/builder/convert/converter.go:352.4,352.19 1 1
github.com/pgEdge/postgresql-docs/builder/convert/converter.go:352.19,354.5 1 1
github.com/pgEdge/postgresql-docs/builder/convert/converter.go:355.4,355.48 1 1
github.com/pgEdge/postgresql-docs/builder/convert/converter.go:357.3,357.36 1 1
github.com/pgEdge/postgresql-docs/builder/convert/converter.go:357.36,359.4 1 1
github.com/pgEdge/postgresql-docs/builder/convert/converter.go:361.2,361.12 1 1
github.com/pgEdge/postgresql-docs/builder/convert/converter.go:366.45,368.17 2 1
github.com/pgEdge/postgresql-docs/builder/convert/converter.go:368.17,371.3 1 1
github.com/pgEdge/postgresql-docs/builder/convert/converter.go:374.2,374.44 1 1
github.com/pgEdge/postgresql-docs/builder/convert/converter.go:374.44,376.3 1 1
github.com/pgEdge/postgresql-docs/builder/convert/converter.go:378.2,378.35 1 1
github.com/pgEdge/postgresql-docs/builder/convert/converter.go:382.56,387.9 4 1
github.com/pgEdge/postgresql-docs/builder/convert/converter.go:387.9,391.3 2 1
github.com/pgEdge/postgresql-docs/builder/convert/converter.go:393.2,399.21 5 1
github.com/pgEdge/postgresql-docs/builder/convert/converter.go:399.21,402.24 2 1
github.com/pgEdge/postgresql-docs/builder/convert/converter.go:402.24,405.4 2 1
github.com/pgEdge/postgresql-docs/builder/convert/converter.go:409.2,410.38 2 1
github.com/pgEdge/postgresql-docs/builder/convert/converter.go:410.38,411.37 1 1
github.com/pgEdge/postgresql-docs/builder/convert/converter.go:411.37,412.12 1 1
github.com/pgEdge/postgresql-docs/builder/convert/converter.go:414.3,414.52 1 1
github.com/pgEdge/postgresql-docs/builder/convert/converter.go:414.52,417.41 3 1
github.com/pgEdge/postgresql-docs/builder/convert/converter.go:417.41,419.11 2 1
github.com/pgEdge/postgresql-docs/builder/convert/converter.go:419.11,421.6 1 1
github.com/pgEdge/postgresql-docs/builder/convert/converter.go:426.2,426.44 1 1
github.com/pgEdge/postgresql-docs/builder/convert/converter.go:431.63,432.38 1 1
github.com/pgEdge/postgresql-docs/builder/convert/converter.go:432.38,433.37 1 1
github.com/pgEdge/postgresql-docs/builder/convert/converter.go:433.37,434.12 1 1
github.com/pgEdge/postgresql-docs/builder/convert/converter.go:437.3,437.20 1 1
github.com/pgEdge/postgresql-docs/builder/convert/converter.go:438.15,439.47 1 1
github.com/pgEdge/postgresql-docs/builder/convert/converter.go:439.47,441.5 1 0
github.com/pgEdge/postgresql-docs/builder/convert/converter.go:442.20,443.52 1 1
github.com/pgEdge/postgresql-docs/builder/convert/converter.go:443.52,445.5 1 0
github.com/pgEdge/postgresql-docs/builder/convert/converter.go:446.41,447.50 1 1
github.com/pgEdge/postgresql-docs/builder/convert/converter.go:447.50,449.5 1 0
github.com/pgEdge/postgresql-docs/builder/convert/converter.go:450.19,451.51 1 1
github.com/pgEdge/postgresql-docs/builder/convert/converter.go:451.51,453.5 1 0
github.com/pgEdge/postgresql-docs/builder/convert/converter.go:456.2,456.12 1 1
github.com/pgEdge/postgresql-docs/builder/convert/converter.go:460.56,465.9 4 1
github.com/pgEdge/postgresql-docs/builder/convert/converter.go:465.9,467.3 1 1
github.com/pgEdge/postgresql-docs/builder/convert/converter.go:470.2,475.22 4 1
github.com/pgEdge/postgresql-docs/builder/convert/converter.go:475.22,477.62 2 1
github.com/pgEdge/postgresql-docs/builder/convert/converter.go:477.62,479.4 1 0
github.com/pgEdge/postgresql-docs/builder/convert/converter.go:482.2,482.60 1 1
github.com/pgEdge/postgresql-docs/builder/convert/converter.go:482.60,484.3 1 0
github.com/pgEdge/postgresql-docs/builder/convert/converter.go:487.2,487.38 1 1
github.com/pgEdge/postgresql-docs/builder/convert/converter.go:487.38,488.37 1 1
github.com/pgEdge/postgresql-docs/builder/convert/converter.go:488.37,489.12 1 1
github.com/pgEdge/postgresql-docs/builder/convert/converter.go:491.3,491.20 1 1
github.com/pgEdge/postgresql-docs/builder/convert/converter.go:492.30,493.50 1 1
github.com/pgEdge/postgresql-docs/builder/convert/converter.go:493.50,495.5 1 0
github.com/pgEdge/postgresql-docs/builder/convert/converter.go:496.20,497.52 1 1
github.com/pgEdge/postgresql-docs/builder/convert/converter.go:497.52,499.5 1 0
github.com/pgEdge/postgresql-docs/builder/convert/converter.go:500.19,501.51 1 1
github.com/pgEdge/postgresql-docs/builder/convert/converter.go:501.51,503.5 1 0
github.com/pgEdge/postgresql-docs/builder/convert/converter.go:507.2,507.12 1 1
github.com/pgEdge/postgresql-docs/builder/convert/converter.go:511.61,516.9 4 1
github.com/pgEdge/postgresql-docs/builder/convert/converter.go:516.9,519.3 2 1
github.com/pgEdge/postgresql-docs/builder/convert/converter.go:522.2,527.22 4 1
github.com/pgEdge/postgresql-docs/builder/convert/converter.go:527.22,529.62 2 1
github.com/pgEdge/postgresql-docs/builder/convert/converter.go:529.62,531.4 1 0
github.com/pgEdge/postgresql-docs/builder/convert/converter.go:534.2,534.60 1 1
github.com/pgEdge/postgresql-docs/builder/convert/converter.go:534.60,536.3 1 0
github.com/pgEdge/postgresql-docs/builder/convert/converter.go:539.2,539.38 1 1
github.com/pgEdge/postgresql-docs/builder/convert/converter.go:539.38,540.64 1 1
github.com/pgEdge/postgresql-docs/builder/convert/converter.go:540.64,541.51 1 1
github.com/pgEdge/postgresql-docs/builder/convert/converter.go:541.51,543.5 1 0
github.com/pgEdge/postgresql-docs/builder/convert/converter.go:547.2,547.12 1 1
github.com/pgEdge/postgresql-docs/builder/convert/converter.go:551.59,554.14 2 1
github.com/pgEdge/postgresql-docs/builder/convert/converter.go:554.14,557.53 2 1
github.com/pgEdge/postgresql-docs/builder/convert/converter.go:557.53,559.4 1 0
github.com/pgEdge/postgresql-docs/builder/convert/converter.go:561.3,561.13 1 1
github.com/pgEdge/postgresql-docs/builder/convert/converter.go:564.2,565.9 2 1
github.com/pgEdge/postgresql-docs/builder/convert/converter.go:565.9,567.3 1 1
github.com/pgEdge/postgresql-docs/builder/convert/converter.go:569.2,570.22 2 1
github.com/pgEdge/postgresql-docs/builder/convert/converter.go:570.22,572.3 1 1
github.com/pgEdge/postgresql-docs/builder/convert/converter.go:574.2,574.22 1 1
github.com/pgEdge/postgresql-docs/builder/convert/converter.go:574.22,578.53 3 1
github.com/pgEdge/postgresql-docs/builder/convert/converter.go:578.53,580.4 1 0
github.com/pgEdge/postgresql-docs/builder/convert/converter.go:581.3,581.45 1 1
github.com/pgEdge/postgresql-docs/builder/convert/converter.go:585.2,591.38 5 1
github.com/pgEdge/postgresql-docs/builder/convert/converter.go:591.38,592.37 1 1
github.com/pgEdge/postgresql-docs/builder/convert/converter.go:592.37,593.58 1 1
github.com/pgEdge/postgresql-docs/builder/convert/converter.go:593.58,594.13 1 1
github.com/pgEdge/postgresql-docs/builder/convert/converter.go:596.4,597.29 1 1
github.com/pgEdge/postgresql-docs/builder/convert/converter.go:597.29,598.10 1 1
github.com/pgEdge/postgresql-docs/builder/convert/converter.go:600.4,600.55 1 0
github.com/pgEdge/postgresql-docs/builder/convert/converter.go:600.55,602.5 1 0
github.com/pgEdge/postgresql-docs/builder/convert/converter.go:607.2,609.60 2 1
github.com/pgEdge/postgresql-docs/builder/convert/converter.go:609.60,611.3 1 0
github.com/pgEdge/postgresql-docs/builder/convert/converter.go:614.2,614.30 1 1
github.com/pgEdge/postgresql-docs/builder/convert/converter.go:614.30,615.48 1 1
github.com/pgEdge/postgresql-docs/builder/convert/converter.go:615.48,617.4 1 0
github.com/pgEdge/postgresql-docs/builder/convert/converter.go:621.2,621.52 1 1
github.com/pgEdge/postgresql-docs/builder/convert/converter.go:621.52,622.48 1 1
github.com/pgEdge/postgresql-docs/builder/convert/converter.go:622.48,624.4 1 0
github.com/pgEdge/postgresql-docs/builder/convert/converter.go:627.2,627.12 1 1
github.com/pgEdge/postgresql-docs/builder/convert/converter.go:632.73,635.38 2 1
github.com/pgEdge/postgresql-docs/builder/convert/converter.go:635.38,636.37 1 1
github.com/pgEdge/postgresql-docs/builder/convert/converter.go:636.37,637.12 1 1
github.com/pgEdge/postgresql-docs/builder/convert/converter.go:639.3,639.20 1 1
github.com/pgEdge/postgresql-docs/builder/convert/converter.go:640.39,643.41 3 1
github.com/pgEdge/postgresql-docs/builder/convert/converter.go:643.41,646.5 1 1
github.com/pgEdge/postgresql-docs/builder/convert/converter.go:650.2,650.21 1 1
github.com/pgEdge/postgresql-docs/builder/convert/converter.go:650.21,652.3 1 1
github.com/pgEdge/postgresql-docs/builder/convert/converter.go:654.2,655.29 2 1
github.com/pgEdge/postgresql-docs/builder/convert/converter.go:655.29,657.9 2 1
github.com/pgEdge/postgresql-docs/builder/convert/converter.go:657.9,659.4 1 1
github.com/pgEdge/postgresql-docs/builder/convert/converter.go:664.59,666.14 2 1
github.com/pgEdge/postgresql-docs/builder/convert/converter.go:666.14,670.3 2 1
github.com/pgEdge/postgresql-docs/builder/convert/converter.go:672.2,673.9 2 1
github.com/pgEdge/postgresql-docs/builder/convert/converter.go:673.9,676.3 2 1
github.com/pgEdge/postgresql-docs/builder/convert/converter.go:678.2,681.52 3 1
github.com/pgEdge/postgresql-docs/builder/convert/converter.go:681.52,683.3 1 0
github.com/pgEdge/postgresql-docs/builder/convert/converter.go:685.2,685.44 1 1
github.com/pgEdge/postgresql-docs/builder/convert/converter.go:689.60,691.14 2 1
github.com/pgEdge/postgresql-docs/builder/convert/converter.go:691.14,693.3 1 1
github.com/pgEdge/postgresql-docs/builder/convert/converter.go:695.2,696.9 2 1
github.com/pgEdge/postgresql-docs/builder/convert/converter.go:696.9,699.3 2 1
github.com/pgEdge/postgresql-docs/builder/convert/converter.go:701.2,704.52 3 1
github.com/pgEdge/postgresql-docs/builder/convert/converter.go:704.52,706.3 1 0
github.com/pgEdge/postgresql-docs/builder/convert/converter.go:708.2,708.44 1 1
github.com/pgEdge/postgresql-docs/builder/convert/converter.go:713.62,717.47 3 1
github.com/pgEdge/postgresql-docs/builder/convert/converter.go:717.47,719.3 1 1
github.com/pgEdge/postgresql-docs/builder/convert/converter.go:722.2,724.54 2 1
github.com/pgEdge/postgresql-docs/builder/convert/converter.go:728.74,729.19 1 1
github.com/pgEdge/postgresql-docs/builder/convert/converter.go:730.21,731.22 1 1
github.com/pgEdge/postgresql-docs/builder/convert/converter.go:731.22,733.4 1 0
github.com/pgEdge/postgresql-docs/builder/convert/converter.go:733.9,737.4 2 1
github.com/pgEdge/postgresql-docs/builder/convert/converter.go:738.3,738.13 1 1
github.com/pgEdge/postgresql-docs/builder/convert/converter.go:740.24,741.13 1 1
github.com/pgEdge/postgresql-docs/builder/convert/converter.go:743.24,745.21 2 1
github.com/pgEdge/postgresql-docs/builder/convert/converter.go:745.21,747.4 1 1
github.com/pgEdge/postgresql-docs/builder/convert/converter.go:749.3,749.17 1 1
github.com/pgEdge/postgresql-docs/builder/convert/converter.go:749.17,751.4 1 1
github.com/pgEdge/postgresql-docs/builder/convert/converter.go:752.3,752.39 1 1
github.com/pgEdge/postgresql-docs/builder/convert/converter.go:755.2,755.12 1 0
github.com/pgEdge/postgresql-docs/builder/convert/converter.go:759.78,760.38 1 1
github.com/pgEdge/postgresql-docs/builder/convert/converter.go:760.38,761.52 1 1
github.com/pgEdge/postgresql-docs/builder/convert/converter.go:761.52,763.4 1 0
github.com/pgEdge/postgresql-docs/builder/convert/converter.go:765.2,765.12 1 1
github.com/pgEdge/postgresql-docs/builder/convert/converter.go:769.43,773.22 3 1
github.com/pgEdge/postgresql-docs/builder/convert/converter.go:773.22,774.54 1 1
github.com/pgEdge/postgresql-docs/builder/convert/converter.go:774.54,775.16 1 1
github.com/pgEdge/postgresql-docs/builder/convert/converter.go:775.16,778.5 2 1
github.com/pgEdge/postgresql-docs/builder/convert/converter.go:779.9,782.4 2 1
github.com/pgEdge/postgresql-docs/builder/convert/converter.go:784.2,784.19 1 1
github.com/pgEdge/postgresql-docs/builder/convert/converter.go:788.43,791.29 2 1
github.com/pgEdge/postgresql-docs/builder/convert/converter.go:791.29,793.3 1 1
github.com/pgEdge/postgresql-docs/builder/convert/converter.go:794.2,797.44 2 1
github.com/pgEdge/postgresql-docs/builder/convert/converter.go:797.44,799.3 1 1
github.com/pgEdge/postgresql-docs/builder/convert/converter.go:802.2,804.16 2 1
github.com/pgEdge/postgresql-docs/builder/convert/elements.go:15.58,17.2 1 1
github.com/pgEdge/postgresql-docs/builder/convert/elements.go:20.44,22.2 1 1
github.com/pgEdge/postgresql-docs/builder/convert/elements.go:24.13,194.2 132 1
github.com/pgEdge/postgresql-docs/builder/convert/export.go:4.37,6.2 1 1
github.com/pgEdge/postgresql-docs/builder/convert/inline.go:10.77,13.40 3 1
github.com/pgEdge/postgresql-docs/builder/convert/inline.go:13.40,15.3 1 1
github.com/pgEdge/postgresql-docs/builder/convert/inline.go:16.2,17.54 2 1
github.com/pgEdge/postgresql-docs/builder/convert/inline.go:17.54,19.3 1 0
github.com/pgEdge/postgresql-docs/builder/convert/inline.go:20.2,21.12 2 1
github.com/pgEdge/postgresql-docs/builder/convert/inline.go:27.73,30.35 2 1
github.com/pgEdge/postgresql-docs/builder/convert/inline.go:30.35,32.3 1 1
github.com/pgEdge/postgresql-docs/builder/convert/inline.go:37.2,37.40 1 1
github.com/pgEdge/postgresql-docs/builder/convert/inline.go:37.40,39.3 1 1
github.com/pgEdge/postgresql-docs/builder/convert/inline.go:42.2,42.33 1 1
github.com/pgEdge/postgresql-docs/builder/convert/inline.go:42.33,44.55 2 1
github.com/pgEdge/postgresql-docs/builder/convert/inline.go:44.55,46.4 1 0
github.com/pgEdge/postgresql-docs/builder/convert/inline.go:47.3,47.23 1 1
github.com/pgEdge/postgresql-docs/builder/convert/inline.go:48.8,50.55 2 1
github.com/pgEdge/postgresql-docs/builder/convert/inline.go:50.55,52.4 1 0
github.com/pgEdge/postgresql-docs/builder/convert/inline.go:53.3,53.21 1 1
github.com/pgEdge/postgresql-docs/builder/convert/inline.go:55.2,55.12 1 1
github.com/pgEdge/postgresql-docs/builder/convert/inline.go:59.54,60.38 1 1
github.com/pgEdge/postgresql-docs/builder/convert/inline.go:60.38,61.37 1 1
github.com/pgEdge/postgresql-docs/builder/convert/inline.go:61.37,62.24 1 1
github.com/pgEdge/postgresql-docs/builder/convert/inline.go:62.24,64.5 1 1
github.com/pgEdge/postgresql-docs/builder/convert/inline.go:65.4,65.33 1 1
github.com/pgEdge/postgresql-docs/builder/convert/inline.go:65.33,67.5 1 1
github.com/pgEdge/postgresql-docs/builder/convert/inline.go:70.2,70.14 1 1
github.com/pgEdge/postgresql-docs/builder/convert/inline.go:75.80,77.54 2 1
github.com/pgEdge/postgresql-docs/builder/convert/inline.go:77.54,79.3 1 0
github.com/pgEdge/postgresql-docs/builder/convert/inline.go:80.2,81.12 2 1
github.com/pgEdge/postgresql-docs/builder/convert/inline.go:86.89,92.38 4 1
github.com/pgEdge/postgresql-docs/builder/convert/inline.go:92.38,93.34 1 1
github.com/pgEdge/postgresql-docs/builder/convert/inline.go:93.34,94.15 1 1
github.com/pgEdge/postgresql-docs/builder/convert/inline.go:94.15,99.5 3 0
github.com/pgEdge/postgresql-docs/builder/convert/inline.go:100.4,100.35 1 1
github.com/pgEdge/postgresql-docs/builder/convert/inline.go:101.9,101.74 1 1
github.com/pgEdge/postgresql-docs/builder/convert/inline.go:101.74,102.14 1 1
github.com/pgEdge/postgresql-docs/builder/convert/inline.go:102.14,105.23 2 1
github.com/pgEdge/postgresql-docs/builder/convert/inline.go:105.23,107.6 1 1
github.com/pgEdge/postgresql-docs/builder/convert/inline.go:108.5,109.19 2 1
github.com/pgEdge/postgresql-docs/builder/convert/inline.go:111.4,113.39 3 1
github.com/pgEdge/postgresql-docs/builder/convert/inline.go:114.9,114.44 1 1
github.com/pgEdge/postgresql-docs/builder/convert/inline.go:114.44,117.22 2 1
github.com/pgEdge/postgresql-docs/builder/convert/inline.go:117.22,121.5 3 1
github.com/pgEdge/postgresql-docs/builder/convert/inline.go:121.10,123.5 1 1
github.com/pgEdge/postgresql-docs/builder/convert/inline.go:128.2,128.23 1 1
github.com/pgEdge/postgresql-docs/builder/convert/inline.go:128.23,129.13 1 1
github.com/pgEdge/postgresql-docs/builder/convert/inline.go:129.13,131.4 1 0
github.com/pgEdge/postgresql-docs/builder/convert/inline.go:131.9,133.4 1 1
github.com/pgEdge/postgresql-docs/builder/convert/inline.go:136.2,137.12 2 1
github.com/pgEdge/postgresql-docs/builder/convert/inline.go:141.77,143.54 2 1
github.com/pgEdge/postgresql-docs/builder/convert/inline.go:143.54,145.3 1 0
github.com/pgEdge/postgresql-docs/builder/convert/inline.go:146.2,147.12 2 1
github.com/pgEdge/postgresql-docs/builder/convert/inline.go:151.74,153.54 2 1
github.com/pgEdge/postgresql-docs/builder/convert/inline.go:153.54,155.3 1 0
github.com/pgEdge/postgresql-docs/builder/convert/inline.go:156.2,157.12 2 1
github.com/pgEdge/postgresql-docs/builder/convert/inline.go:161.80,163.54 2 1
github.com/pgEdge/postgresql-docs/builder/convert/inline.go:163.54,165.3 1 0
github.com/pgEdge/postgresql-docs/builder/convert/inline.go:166.2,167.12 2 1
github.com/pgEdge/postgresql-docs/builder/convert/inline.go:171.78,173.54 2 1
github.com/pgEdge/postgresql-docs/builder/convert/inline.go:173.54,175.3 1 0
github.com/pgEdge/postgresql-docs/builder/convert/inline.go:176.2,177.12 2 1
github.com/pgEdge/postgresql-docs/builder/convert/inline.go:181.78,182.54 1 1
github.com/pgEdge/postgresql-docs/builder/convert/inline.go:182.54,184.3 1 0
github.com/pgEdge/postgresql-docs/builder/convert/inline.go:185.2,186.15 2 1
github.com/pgEdge/postgresql-docs/builder/convert/inline.go:187.20,188.26 1 1
github.com/pgEdge/postgresql-docs/builder/convert/inline.go:189.19,190.26 1 1
github.com/pgEdge/postgresql-docs/builder/convert/inline.go:191.17,192.26 1 1
github.com/pgEdge/postgresql-docs/builder/convert/inline.go:193.10,194.26 1 1
github.com/pgEdge/postgresql-docs/builder/convert/inline.go:196.2,196.12 1 1
github.com/pgEdge/postgresql-docs/builder/convert/inline.go:200.77,202.38 2 1
github.com/pgEdge/postgresql-docs/builder/convert/inline.go:202.38,203.37 1 1
github.com/pgEdge/postgresql-docs/builder/convert/inline.go:203.37,204.14 1 1
github.com/pgEdge/postgresql-docs/builder/convert/inline.go:204.14,206.5 1 1
github.com/pgEdge/postgresql-docs/builder/convert/inline.go:207.4,207.53 1 1
github.com/pgEdge/postgresql-docs/builder/convert/inline.go:207.53,209.5 1 0
github.com/pgEdge/postgresql-docs/builder/convert/inline.go:210.4,210.17 1 1
github.com/pgEdge/postgresql-docs/builder/convert/inline.go:213.2,213.12 1 1
github.com/pgEdge/postgresql-docs/builder/convert/inline.go:217.80,219.2 1 1
github.com/pgEdge/postgresql-docs/builder/convert/inline.go:222.73,224.2 1 1
github.com/pgEdge/postgresql-docs/builder/convert/mdtohtml.go:11.39,13.14 2 1
github.com/pgEdge/postgresql-docs/builder/convert/mdtohtml.go:13.14,15.3 1 1
github.com/pgEdge/postgresql-docs/builder/convert/mdtohtml.go:18.2,21.34 3 1
github.com/pgEdge/postgresql-docs/builder/convert/mdtohtml.go:21.34,23.17 2 1
github.com/pgEdge/postgresql-docs/builder/convert/mdtohtml.go:23.17,24.12 1 0
github.com/pgEdge/postgresql-docs/builder/convert/mdtohtml.go:28.3,28.24 1 1
github.com/pgEdge/postgresql-docs/builder/convert/mdtohtml.go:28.24,30.12 2 1
github.com/pgEdge/postgresql-docs/builder/convert/mdtohtml.go:34.3,34.37 1 1
github.com/pgEdge/postgresql-docs/builder/convert/mdtohtml.go:34.37,36.12 2 1
github.com/pgEdge/postgresql-docs/builder/convert/mdtohtml.go:40.3,42.26 2 1
github.com/pgEdge/postgresql-docs/builder/convert/mdtohtml.go:42.26,44.4 1 1
github.com/pgEdge/postgresql-docs/builder/convert/mdtohtml.go:44.9,46.4 1 1
github.com/pgEdge/postgresql-docs/builder/convert/mdtohtml.go:49.2,49.34 1 1
github.com/pgEdge/postgresql-docs/builder/convert/mdtohtml.go:53.44,59.34 5 1
github.com/pgEdge/postgresql-docs/builder/convert/mdtohtml.go:59.34,62.37 2 1
github.com/pgEdge/postgresql-docs/builder/convert/mdtohtml.go:62.37,64.4 1 1
github.com/pgEdge/postgresql-docs/builder/convert/mdtohtml.go:66.3,66.33 1 1
github.com/pgEdge/postgresql-docs/builder/convert/mdtohtml.go:66.33,67.25 1 1
github.com/pgEdge/postgresql-docs/builder/convert/mdtohtml.go:67.25,70.5 2 1
github.com/pgEdge/postgresql-docs/builder/convert/mdtohtml.go:71.4,71.12 1 1
github.com/pgEdge/postgresql-docs/builder/convert/mdtohtml.go:74.3,74.24 1 1
github.com/pgEdge/postgresql-docs/builder/convert/mdtohtml.go:74.24,76.4 1 1
github.com/pgEdge/postgresql-docs/builder/convert/mdtohtml.go:77.3,77.28 1 1
github.com/pgEdge/postgresql-docs/builder/convert/mdtohtml.go:80.2,80.23 1 1
github.com/pgEdge/postgresql-docs/builder/convert/mdtohtml.go:80.23,82.3 1 1
github.com/pgEdge/postgresql-docs/builder/convert/mdtohtml.go:84.2,84.19 1 1
github.com/pgEdge/postgresql-docs/builder/convert/mdtohtml.go:88.36,95.2 2 1
github.com/pgEdge/postgresql-docs/builder/convert/mdtohtml.go:98.44,100.20 2 1
github.com/pgEdge/postgresql-docs/builder/convert/mdtohtml.go:100.20,102.3 1 1
github.com/pgEdge/postgresql-docs/builder/convert/mdtohtml.go:105.2,110.34 4 1
github.com/pgEdge/postgresql-docs/builder/convert/mdtohtml.go:110.34,111.41 1 1
github.com/pgEdge/postgresql-docs/builder/convert/mdtohtml.go:111.41,112.9 1 1
github.com/pgEdge/postgresql-docs/builder/convert/mdtohtml.go:114.3,114.42 1 1
github.com/pgEdge/postgresql-docs/builder/convert/mdtohtml.go:117.2,120.16 3 1
github.com/pgEdge/postgresql-docs/builder/convert/mdtohtml.go:120.16,123.3 1 1
github.com/pgEdge/postgresql-docs/builder/convert/mdtohtml.go:124.2,124.47 1 1
github.com/pgEdge/postgresql-docs/builder/convert/mdtohtml.go:137.48,139.75 1 1
github.com/pgEdge/postgresql-docs/builder/convert/mdtohtml.go:139.75,142.3 2 0
github.com/pgEdge/postgresql-docs/builder/convert/mdtohtml.go:145.2,145.75 1 1
github.com/pgEdge/postgresql-docs/builder/convert/mdtohtml.go:145.75,148.3 2 1
github.com/pgEdge/postgresql-docs/builder/convert/mdtohtml.go:151.2,162.13 5 1
github.com/pgEdge/postgresql-docs/builder/convert/mdtohtml.go:166.38,171.2 4 1
github.com/pgEdge/postgresql-docs/builder/convert/refentry.go:11.77,19.20 5 1
github.com/pgEdge/postgresql-docs/builder/convert/refentry.go:19.20,21.23 2 1
github.com/pgEdge/postgresql-docs/builder/convert/refentry.go:21.23,23.4 1 1
github.com/pgEdge/postgresql-docs/builder/convert/refentry.go:25.2,25.38 1 1
github.com/pgEdge/postgresql-docs/builder/convert/refentry.go:25.38,27.22 2 1
github.com/pgEdge/postgresql-docs/builder/convert/refentry.go:27.22,29.4 1 1
github.com/pgEdge/postgresql-docs/builder/convert/refentry.go:32.2,33.23 2 1
github.com/pgEdge/postgresql-docs/builder/convert/refentry.go:33.23,35.25 2 1
github.com/pgEdge/postgresql-docs/builder/convert/refentry.go:35.25,40.4 4 1
github.com/pgEdge/postgresql-docs/builder/convert/refentry.go:44.2,47.19 2 1
github.com/pgEdge/postgresql-docs/builder/convert/refentry.go:47.19,50.3 2 1
github.com/pgEdge/postgresql-docs/builder/convert/refentry.go:53.2,54.24 2 1
github.com/pgEdge/postgresql-docs/builder/convert/refentry.go:54.24,56.71 2 1
github.com/pgEdge/postgresql-docs/builder/convert/refentry.go:56.71,58.4 1 0
github.com/pgEdge/postgresql-docs/builder/convert/refentry.go:62.2,62.53 1 1
github.com/pgEdge/postgresql-docs/builder/convert/refentry.go:62.53,68.64 4 1
github.com/pgEdge/postgresql-docs/builder/convert/refentry.go:68.64,70.4 1 0
github.com/pgEdge/postgresql-docs/builder/convert/refentry.go:73.2,73.12 1 1
github.com/pgEdge/postgresql-docs/builder/convert/refentry.go:77.80,80.38 2 1
github.com/pgEdge/postgresql-docs/builder/convert/refentry.go:80.38,81.21 1 1
github.com/pgEdge/postgresql-docs/builder/convert/refentry.go:82.22,84.18 2 1
github.com/pgEdge/postgresql-docs/builder/convert/refentry.go:84.18,86.5 1 0
github.com/pgEdge/postgresql-docs/builder/convert/refentry.go:87.25,88.21 1 1
github.com/pgEdge/postgresql-docs/builder/convert/refentry.go:89.19,90.39 1 1
github.com/pgEdge/postgresql-docs/builder/convert/refentry.go:91.15,92.24 1 1
github.com/pgEdge/postgresql-docs/builder/convert/refentry.go:93.17,94.26 1 0
github.com/pgEdge/postgresql-docs/builder/convert/refentry.go:95.15,96.28 1 1
github.com/pgEdge/postgresql-docs/builder/convert/refentry.go:97.12,98.41 1 1
github.com/pgEdge/postgresql-docs/builder/convert/refentry.go:103.2,105.12 3 1
github.com/pgEdge/postgresql-docs/builder/convert/refentry.go:109.72,112.2 2 1
github.com/pgEdge/postgresql-docs/builder/convert/refentry.go:115.74,118.2 2 1
github.com/pgEdge/postgresql-docs/builder/convert/refentry.go:121.72,124.2 2 1
github.com/pgEdge/postgresql-docs/builder/convert/refentry.go:127.52,132.16 3 1
github.com/pgEdge/postgresql-docs/builder/convert/refentry.go:133.22,133.22 0 1
github.com/pgEdge/postgresql-docs/builder/convert/refentry.go:135.17,136.22 1 1
github.com/pgEdge/postgresql-docs/builder/convert/refentry.go:140.2,140.38 1 1
github.com/pgEdge/postgresql-docs/builder/convert/refentry.go:140.38,141.21 1 1
github.com/pgEdge/postgresql-docs/builder/convert/refentry.go:142.22,143.29 1 1
github.com/pgEdge/postgresql-docs/builder/convert/refentry.go:144.25,145.21 1 1
github.com/pgEdge/postgresql-docs/builder/convert/refentry.go:146.18,147.39 1 1
github.com/pgEdge/postgresql-docs/builder/convert/refentry.go:148.23,149.56 1 1
github.com/pgEdge/postgresql-docs/builder/convert/refentry.go:150.15,151.24 1 1
github.com/pgEdge/postgresql-docs/builder/convert/refentry.go:152.17,153.26 1 1
github.com/pgEdge/postgresql-docs/builder/convert/refentry.go:154.12,155.41 1 1
github.com/pgEdge/postgresql-docs/builder/convert/refentry.go:161.2,161.21 1 1
github.com/pgEdge/postgresql-docs/builder/convert/refentry.go:161.21,163.3 1 1
github.com/pgEdge/postgresql-docs/builder/convert/refentry.go:166.2,166.16 1 1
github.com/pgEdge/postgresql-docs/builder/convert/refentry.go:167.22,167.22 0 1
github.com/pgEdge/postgresql-docs/builder/convert/refentry.go:169.17,170.21 1 1
github.com/pgEdge/postgresql-docs/builder/convert/refentry.go:175.54,178.16 2 1
github.com/pgEdge/postgresql-docs/builder/convert/refentry.go:179.22,180.22 1 1
github.com/pgEdge/postgresql-docs/builder/convert/refentry.go:181.10,182.22 1 1
github.com/pgEdge/postgresql-docs/builder/convert/refentry.go:185.2,186.38 2 1
github.com/pgEdge/postgresql-docs/builder/convert/refentry.go:186.38,187.37 1 1
github.com/pgEdge/postgresql-docs/builder/convert/refentry.go:187.37,188.14 1 1
github.com/pgEdge/postgresql-docs/builder/convert/refentry.go:188.14,190.5 1 1
github.com/pgEdge/postgresql-docs/builder/convert/refentry.go:191.4,192.21 2 1
github.com/pgEdge/postgresql-docs/builder/convert/refentry.go:193.15,194.31 1 1
github.com/pgEdge/postgresql-docs/builder/convert/refentry.go:195.18,196.39 1 0
github.com/pgEdge/postgresql-docs/builder/convert/refentry.go:197.23,198.56 1 1
github.com/pgEdge/postgresql-docs/builder/convert/refentry.go:199.12,200.41 1 1
github.com/pgEdge/postgresql-docs/builder/convert/refentry.go:205.2,205.16 1 1
github.com/pgEdge/postgresql-docs/builder/convert/refentry.go:206.22,207.21 1 1
github.com/pgEdge/postgresql-docs/builder/convert/refentry.go:208.10,209.21 1 1
github.com/pgEdge/postgresql-docs/builder/convert/refentry.go:214.59,215.38 1 1
github.com/pgEdge/postgresql-docs/builder/convert/refentry.go:215.38,216.21 1 1
github.com/pgEdge/postgresql-docs/builder/convert/refentry.go:217.22,218.29 1 1
github.com/pgEdge/postgresql-docs/builder/convert/refentry.go:219.25,220.21 1 1
github.com/pgEdge/postgresql-docs/builder/convert/refentry.go:221.18,222.39 1 1
github.com/pgEdge/postgresql-docs/builder/convert/refentry.go:223.23,224.56 1 1
github.com/pgEdge/postgresql-docs/builder/convert/refentry.go:225.12,226.41 1 1
github.com/pgEdge/postgresql-docs/builder/convert/table.go:11.74,17.14 4 1
github.com/pgEdge/postgresql-docs/builder/convert/table.go:17.14,19.3 1 1
github.com/pgEdge/postgresql-docs/builder/convert/table.go:21.2,21.17 1 1
github.com/pgEdge/postgresql-docs/builder/convert/table.go:21.17,24.3 2 1
github.com/pgEdge/postgresql-docs/builder/convert/table.go:26.2,27.19 2 1
github.com/pgEdge/postgresql-docs/builder/convert/table.go:27.19,30.3 1 1
github.com/pgEdge/postgresql-docs/builder/convert/table.go:34.2,34.30 1 1
github.com/pgEdge/postgresql-docs/builder/convert/table.go:34.30,36.3 1 1
github.com/pgEdge/postgresql-docs/builder/convert/table.go:39.2,39.28 1 1
github.com/pgEdge/postgresql-docs/builder/convert/table.go:39.28,41.3 1 1
github.com/pgEdge/postgresql-docs/builder/convert/table.go:43.2,43.45 1 1
github.com/pgEdge/postgresql-docs/builder/convert/table.go:49.47,51.23 2 1
github.com/pgEdge/postgresql-docs/builder/convert/table.go:51.23,53.3 1 1
github.com/pgEdge/postgresql-docs/builder/convert/table.go:54.2,54.32 1 1
github.com/pgEdge/postgresql-docs/builder/convert/table.go:54.32,55.50 1 1
github.com/pgEdge/postgresql-docs/builder/convert/table.go:55.50,57.4 1 1
github.com/pgEdge/postgresql-docs/builder/convert/table.go:59.2,59.14 1 1
github.com/pgEdge/postgresql-docs/builder/convert/table.go:64.81,71.18 4 1
github.com/pgEdge/postgresql-docs/builder/convert/table.go:71.18,73.49 2 1
github.com/pgEdge/postgresql-docs/builder/convert/table.go:73.49,75.52 2 1
github.com/pgEdge/postgresql-docs/builder/convert/table.go:75.52,77.32 2 1
github.com/pgEdge/postgresql-docs/builder/convert/table.go:77.32,82.6 4 1
github.com/pgEdge/postgresql-docs/builder/convert/table.go:84.4,84.28 1 1
github.com/pgEdge/postgresql-docs/builder/convert/table.go:86.3,86.30 1 1
github.com/pgEdge/postgresql-docs/builder/convert/table.go:90.2,90.18 1 1
github.com/pgEdge/postgresql-docs/builder/convert/table.go:90.18,92.49 2 1
github.com/pgEdge/postgresql-docs/builder/convert/table.go:92.49,94.52 2 1
github.com/pgEdge/postgresql-docs/builder/convert/table.go:94.52,96.5 1 1
github.com/pgEdge/postgresql-docs/builder/convert/table.go:97.4,97.28 1 1
github.com/pgEdge/postgresql-docs/builder/convert/table.go:99.3,99.30 1 1
github.com/pgEdge/postgresql-docs/builder/convert/table.go:102.2,103.12 2 1
github.com/pgEdge/postgresql-docs/builder/convert/table.go:110.78,112.21 2 1
github.com/pgEdge/postgresql-docs/builder/convert/table.go:112.21,115.3 2 1
github.com/pgEdge/postgresql-docs/builder/convert/table.go:118.2,123.20 4 1
github.com/pgEdge/postgresql-docs/builder/convert/table.go:123.20,127.3 3 1
github.com/pgEdge/postgresql-docs/builder/convert/table.go:127.8,129.3 1 1
github.com/pgEdge/postgresql-docs/builder/convert/table.go:132.2,132.20 1 1
github.com/pgEdge/postgresql-docs/builder/convert/table.go:132.20,134.31 2 1
github.com/pgEdge/postgresql-docs/builder/convert/table.go:134.31,138.18 4 1
github.com/pgEdge/postgresql-docs/builder/convert/table.go:138.18,140.5 1 1
github.com/pgEdge/postgresql-docs/builder/convert/table.go:142.3,143.14 1 1
github.com/pgEdge/postgresql-docs/builder/convert/table.go:144.8,146.3 1 1
github.com/pgEdge/postgresql-docs/builder/convert/table.go:150.45,152.32 2 1
github.com/pgEdge/postgresql-docs/builder/convert/table.go:152.32,154.38 1 1
github.com/pgEdge/postgresql-docs/builder/convert/table.go:154.38,156.4 1 1
github.com/pgEdge/postgresql-docs/builder/convert/table.go:157.3,157.70 1 1
github.com/pgEdge/postgresql-docs/builder/convert/table.go:157.70,159.4 1 1
github.com/pgEdge/postgresql-docs/builder/convert/table.go:160.3,160.38 1 1
github.com/pgEdge/postgresql-docs/builder/convert/table.go:160.38,162.4 1 1
github.com/pgEdge/postgresql-docs/builder/convert/table.go:165.3,166.21 2 1
github.com/pgEdge/postgresql-docs/builder/convert/table.go:166.21,168.4 1 1
github.com/pgEdge/postgresql-docs/builder/convert/table.go:169.3,171.50 1 1
github.com/pgEdge/postgresql-docs/builder/convert/table.go:171.50,173.4 1 1
github.com/pgEdge/postgresql-docs/builder/convert/table.go:175.2,175.14 1 1
github.com/pgEdge/postgresql-docs/builder/convert/table.go:179.85,184.18 3 1
github.com/pgEdge/postgresql-docs/builder/convert/table.go:184.18,186.20 2 1
github.com/pgEdge/postgresql-docs/builder/convert/table.go:186.20,187.61 1 1
github.com/pgEdge/postgresql-docs/builder/convert/table.go:187.61,189.5 1 0
github.com/pgEdge/postgresql-docs/builder/convert/table.go:191.4,193.20 3 1
github.com/pgEdge/postgresql-docs/builder/convert/table.go:193.20,195.5 1 1
github.com/pgEdge/postgresql-docs/builder/convert/table.go:196.4,196.15 1 1
github.com/pgEdge/postgresql-docs/builder/convert/table.go:198.8,201.24 2 1
github.com/pgEdge/postgresql-docs/builder/convert/table.go:201.24,203.23 2 1
github.com/pgEdge/postgresql-docs/builder/convert/table.go:203.23,205.5 1 1
github.com/pgEdge/postgresql-docs/builder/convert/table.go:206.4,208.23 3 1
github.com/pgEdge/postgresql-docs/builder/convert/table.go:208.23,210.5 1 1
github.com/pgEdge/postgresql-docs/builder/convert/table.go:211.4,211.15 1 1
github.com/pgEdge/postgresql-docs/builder/convert/table.go:216.2,216.18 1 1
github.com/pgEdge/postgresql-docs/builder/convert/table.go:216.18,217.49 1 1
github.com/pgEdge/postgresql-docs/builder/convert/table.go:217.49,218.57 1 1
github.com/pgEdge/postgresql-docs/builder/convert/table.go:218.57,220.5 1 0
github.com/pgEdge/postgresql-docs/builder/convert/table.go:224.2,225.12 2 1
github.com/pgEdge/postgresql-docs/builder/convert/table.go:229.79,232.32 3 1
github.com/pgEdge/postgresql-docs/builder/convert/table.go:232.32,235.60 3 1
github.com/pgEdge/postgresql-docs/builder/convert/table.go:235.60,237.4 1 0
github.com/pgEdge/postgresql-docs/builder/convert/table.go:238.3,241.35 3 1
github.com/pgEdge/postgresql-docs/builder/convert/table.go:243.2,244.12 2 1
github.com/pgEdge/postgresql-docs/builder/convert/table.go:248.79,250.19 2 1
github.com/pgEdge/postgresql-docs/builder/convert/table.go:250.19,252.3 1 1
github.com/pgEdge/postgresql-docs/builder/convert/table.go:255.2,257.30 3 1
github.com/pgEdge/postgresql-docs/builder/convert/table.go:257.30,259.17 2 1
github.com/pgEdge/postgresql-docs/builder/convert/table.go:259.17,261.4 1 1
github.com/pgEdge/postgresql-docs/builder/convert/table.go:264.2,268.18 3 1
github.com/pgEdge/postgresql-docs/builder/convert/table.go:268.18,270.49 2 1
github.com/pgEdge/postgresql-docs/builder/convert/table.go:270.49,272.4 1 1
github.com/pgEdge/postgresql-docs/builder/convert/table.go:273.3,273.30 1 1
github.com/pgEdge/postgresql-docs/builder/convert/table.go:277.2,278.18 2 1
github.com/pgEdge/postgresql-docs/builder/convert/table.go:278.18,280.49 2 1
github.com/pgEdge/postgresql-docs/builder/convert/table.go:280.49,282.4 1 1
github.com/pgEdge/postgresql-docs/builder/convert/table.go:283.3,283.30 1 1
github.com/pgEdge/postgresql-docs/builder/convert/table.go:287.2,288.18 2 1
github.com/pgEdge/postgresql-docs/builder/convert/table.go:288.18,290.49 2 1
github.com/pgEdge/postgresql-docs/builder/convert/table.go:290.49,292.4 1 1
github.com/pgEdge/postgresql-docs/builder/convert/table.go:293.3,293.30 1 1
github.com/pgEdge/postgresql-docs/builder/convert/table.go:296.2,297.12 2 1
github.com/pgEdge/postgresql-docs/builder/convert/table.go:303.110,305.50 2 1
github.com/pgEdge/postgresql-docs/builder/convert/table.go:305.50,311.36 4 1
github.com/pgEdge/postgresql-docs/builder/convert/table.go:311.36,314.18 3 1
github.com/pgEdge/postgresql-docs/builder/convert/table.go:314.18,316.17 2 1
github.com/pgEdge/postgresql-docs/builder/convert/table.go:316.17,318.6 1 1
github.com/pgEdge/postgresql-docs/builder/convert/table.go:323.3,324.21 2 1
github.com/pgEdge/postgresql-docs/builder/convert/table.go:324.21,326.4 1 1
github.com/pgEdge/postgresql-docs/builder/convert/table.go:329.3,334.38 4 1
github.com/pgEdge/postgresql-docs/builder/convert/table.go:336.2,336.26 1 1
github.com/pgEdge/postgresql-docs/builder/convert/writer.go:23.42,28.2 1 1
github.com/pgEdge/postgresql-docs/builder/convert/writer.go:31.42,33.2 1 1
github.com/pgEdge/postgresql-docs/builder/convert/writer.go:36.48,37.13 1 1
github.com/pgEdge/postgresql-docs/builder/convert/writer.go:37.13,39.3 1 1
github.com/pgEdge/postgresql-docs/builder/convert/writer.go:40.2,42.21 3 1
github.com/pgEdge/postgresql-docs/builder/convert/writer.go:46.42,47.13 1 1
github.com/pgEdge/postgresql-docs/builder/convert/writer.go:47.13,49.3 1 1
github.com/pgEdge/postgresql-docs/builder/convert/writer.go:50.2,51.29 2 1
github.com/pgEdge/postgresql-docs/builder/convert/writer.go:51.29,52.12 1 1
github.com/pgEdge/postgresql-docs/builder/convert/writer.go:52.12,55.4 2 1
github.com/pgEdge/postgresql-docs/builder/convert/writer.go:56.3,56.17 1 1
github.com/pgEdge/postgresql-docs/builder/convert/writer.go:56.17,57.57 1 1
github.com/pgEdge/postgresql-docs/builder/convert/writer.go:57.57,59.5 1 1
github.com/pgEdge/postgresql-docs/builder/convert/writer.go:60.4,62.23 3 1
github.com/pgEdge/postgresql-docs/builder/convert/writer.go:68.36,71.2 2 1
github.com/pgEdge/postgresql-docs/builder/convert/writer.go:75.38,76.24 1 1
github.com/pgEdge/postgresql-docs/builder/convert/writer.go:76.24,78.3 1 1
github.com/pgEdge/postgresql-docs/builder/convert/writer.go:79.2,79.17 1 1
github.com/pgEdge/postgresql-docs/builder/convert/writer.go:79.17,81.3 1 1
github.com/pgEdge/postgresql-docs/builder/convert/writer.go:82.2,82.20 1 1
github.com/pgEdge/postgresql-docs/builder/convert/writer.go:82.20,84.3 1 1
github.com/pgEdge/postgresql-docs/builder/convert/writer.go:85.2,87.20 3 1
github.com/pgEdge/postgresql-docs/builder/convert/writer.go:91.42,92.20 1 1
github.com/pgEdge/postgresql-docs/builder/convert/writer.go:92.20,95.3 2 1
github.com/pgEdge/postgresql-docs/builder/convert/writer.go:99.52,101.2 1 1
github.com/pgEdge/postgresql-docs/builder/convert/writer.go:104.51,105.41 1 1
github.com/pgEdge/postgresql-docs/builder/convert/writer.go:105.41,107.3 1 1
github.com/pgEdge/postgresql-docs/builder/convert/writer.go:111.54,113.16 2 1
github.com/pgEdge/postgresql-docs/builder/convert/writer.go:113.16,115.3 1 1
github.com/pgEdge/postgresql-docs/builder/convert/writer.go:115.8,117.3 1 1
github.com/pgEdge/postgresql-docs/builder/convert/writer.go:118.2,119.22 2 1
github.com/pgEdge/postgresql-docs/builder/convert/writer.go:123.41,129.2 5 1
github.com/pgEdge/postgresql-docs/builder/convert/writer.go:132.62,135.14 3 1
github.com/pgEdge/postgresql-docs/builder/convert/writer.go:135.14,137.3 1 1
github.com/pgEdge/postgresql-docs/builder/convert/writer.go:137.8,139.3 1 1
github.com/pgEdge/postgresql-docs/builder/convert/writer.go:140.2,141.21 2 1
github.com/pgEdge/postgresql-docs/builder/convert/writer.go:145.50,150.2 4 1
github.com/pgEdge/postgresql-docs/builder/convert/writer.go:153.47,155.2 1 1
github.com/pgEdge/postgresql-docs/builder/convert/writer.go:158.61,160.2 1 1
github.com/pgEdge/postgresql-docs/builder/convert/writer.go:163.45,165.2 1 1
github.com/pgEdge/postgresql-docs/builder/convert/writer.go:168.36,170.2 1 1
github.com/pgEdge/postgresql-docs/builder/convert/xref.go:11.73,13.19 2 1
github.com/pgEdge/postgresql-docs/builder/convert/xref.go:13.19,15.3 1 1
github.com/pgEdge/postgresql-docs/builder/convert/xref.go:17.2,17.16 1 1
github.com/pgEdge/postgresql-docs/builder/convert/xref.go:17.16,21.3 2 1
github.com/pgEdge/postgresql-docs/builder/convert/xref.go:23.2,24.9 2 1
github.com/pgEdge/postgresql-docs/builder/convert/xref.go:24.9,28.3 3 1
github.com/pgEdge/postgresql-docs/builder/convert/xref.go:30.2,30.17 1 1
github.com/pgEdge/postgresql-docs/builder/convert/xref.go:30.17,32.3 1 1
github.com/pgEdge/postgresql-docs/builder/convert/xref.go:34.2,35.12 2 1
github.com/pgEdge/postgresql-docs/builder/convert/xref.go:39.73,41.19 2 1
github.com/pgEdge/postgresql-docs/builder/convert/xref.go:41.19,44.3 1 1
github.com/pgEdge/postgresql-docs/builder/convert/xref.go:47.2,49.58 3 1
github.com/pgEdge/postgresql-docs/builder/convert/xref.go:49.58,51.3 1 0
github.com/pgEdge/postgresql-docs/builder/convert/xref.go:52.2,54.16 2 1
github.com/pgEdge/postgresql-docs/builder/convert/xref.go:54.16,57.3 2 1
github.com/pgEdge/postgresql-docs/builder/convert/xref.go:59.2,60.9 2 1
github.com/pgEdge/postgresql-docs/builder/convert/xref.go:60.9,64.3 3 1
github.com/pgEdge/postgresql-docs/builder/convert/xref.go:66.2,66.16 1 1
github.com/pgEdge/postgresql-docs/builder/convert/xref.go:66.16,68.3 1 1
github.com/pgEdge/postgresql-docs/builder/convert/xref.go:69.2,69.16 1 1
github.com/pgEdge/postgresql-docs/builder/convert/xref.go:69.16,71.3 1 0
github.com/pgEdge/postgresql-docs/builder/convert/xref.go:73.2,74.12 2 1
github.com/pgEdge/postgresql-docs/builder/convert/xref.go:78.74,80.15 2 1
github.com/pgEdge/postgresql-docs/builder/convert/xref.go:80.15,82.3 1 1
github.com/pgEdge/postgresql-docs/builder/convert/xref.go:84.2,86.58 3 1
github.com/pgEdge/postgresql-docs/builder/convert/xref.go:86.58,88.3 1 0
github.com/pgEdge/postgresql-docs/builder/convert/xref.go:89.2,91.16 2 1
github.com/pgEdge/postgresql-docs/builder/convert/xref.go:91.16,93.3 1 1
github.com/pgEdge/postgresql-docs/builder/convert/xref.go:95.2,96.12 2 1
github.com/pgEdge/postgresql-docs/builder/convert/xref.go:100.75,102.14 2 1
github.com/pgEdge/postgresql-docs/builder/convert/xref.go:102.14,104.3 1 1
github.com/pgEdge/postgresql-docs/builder/convert/xref.go:105.2,105.12 1 1
github.com/pgEdge/postgresql-docs/builder/sgml/entity.go:26.56,33.2 1 1
github.com/pgEdge/postgresql-docs/builder/sgml/entity.go:78.71,81.16 3 1
github.com/pgEdge/postgresql-docs/builder/sgml/entity.go:81.16,83.3 1 1
github.com/pgEdge/postgresql-docs/builder/sgml/entity.go:84.2,91.16 4 1
github.com/pgEdge/postgresql-docs/builder/sgml/entity.go:91.16,93.3 1 1
github.com/pgEdge/postgresql-docs/builder/sgml/entity.go:95.2,95.22 1 1
github.com/pgEdge/postgresql-docs/builder/sgml/entity.go:100.64,103.19 2 1
github.com/pgEdge/postgresql-docs/builder/sgml/entity.go:103.19,105.3 1 1
github.com/pgEdge/postgresql-docs/builder/sgml/entity.go:108.2,109.24 2 1
github.com/pgEdge/postgresql-docs/builder/sgml/entity.go:109.24,112.18 2 1
github.com/pgEdge/postgresql-docs/builder/sgml/entity.go:112.18,114.4 1 1
github.com/pgEdge/postgresql-docs/builder/sgml/entity.go:115.3,115.35 1 1
github.com/pgEdge/postgresql-docs/builder/sgml/entity.go:117.2,122.51 4 1
github.com/pgEdge/postgresql-docs/builder/sgml/entity.go:122.51,123.21 1 1
github.com/pgEdge/postgresql-docs/builder/sgml/entity.go:124.12,125.11 1 1
github.com/pgEdge/postgresql-docs/builder/sgml/entity.go:126.12,128.18 2 1
github.com/pgEdge/postgresql-docs/builder/sgml/entity.go:128.18,130.5 1 1
github.com/pgEdge/postgresql-docs/builder/sgml/entity.go:132.3,132.23 1 1
github.com/pgEdge/postgresql-docs/builder/sgml/entity.go:132.23,133.9 1 1
github.com/pgEdge/postgresql-docs/builder/sgml/entity.go:136.2,136.22 1 1
github.com/pgEdge/postgresql-docs/builder/sgml/entity.go:136.22,138.3 1 1
github.com/pgEdge/postgresql-docs/builder/sgml/entity.go:140.2,148.17 4 1
github.com/pgEdge/postgresql-docs/builder/sgml/entity.go:148.17,150.3 1 1
github.com/pgEdge/postgresql-docs/builder/sgml/entity.go:152.2,152.56 1 1
github.com/pgEdge/postgresql-docs/builder/sgml/entity.go:157.55,163.2 2 1
github.com/pgEdge/postgresql-docs/builder/sgml/entity.go:170.76,173.35 2 1
github.com/pgEdge/postgresql-docs/builder/sgml/entity.go:173.35,175.68 1 1
github.com/pgEdge/postgresql-docs/builder/sgml/entity.go:175.68,178.36 3 1
github.com/pgEdge/postgresql-docs/builder/sgml/entity.go:178.36,180.50 2 1
github.com/pgEdge/postgresql-docs/builder/sgml/entity.go:180.50,181.14 1 1
github.com/pgEdge/postgresql-docs/builder/sgml/entity.go:184.5,186.19 3 1
github.com/pgEdge/postgresql-docs/builder/sgml/entity.go:186.19,187.14 1 1
github.com/pgEdge/postgresql-docs/builder/sgml/entity.go:189.5,189.40 1 1
github.com/pgEdge/postgresql-docs/builder/sgml/entity.go:194.3,195.79 2 1
github.com/pgEdge/postgresql-docs/builder/sgml/entity.go:195.79,197.16 2 1
github.com/pgEdge/postgresql-docs/builder/sgml/entity.go:197.16,199.5 1 0
github.com/pgEdge/postgresql-docs/builder/sgml/entity.go:200.4,201.43 2 1
github.com/pgEdge/postgresql-docs/builder/sgml/entity.go:201.43,204.5 2 1
github.com/pgEdge/postgresql-docs/builder/sgml/entity.go:205.4,205.14 1 1
github.com/pgEdge/postgresql-docs/builder/sgml/entity.go:208.3,209.15 2 1
github.com/pgEdge/postgresql-docs/builder/sgml/entity.go:209.15,210.9 1 1
github.com/pgEdge/postgresql-docs/builder/sgml/entity.go:214.2,214.15 1 1
github.com/pgEdge/postgresql-docs/builder/sgml/entity.go:218.58,220.65 1 1
github.com/pgEdge/postgresql-docs/builder/sgml/entity.go:220.65,222.35 2 1
github.com/pgEdge/postgresql-docs/builder/sgml/entity.go:222.35,223.12 1 1
github.com/pgEdge/postgresql-docs/builder/sgml/entity.go:225.3,226.40 2 1
github.com/pgEdge/postgresql-docs/builder/sgml/entity.go:230.2,230.65 1 1
[...]
github.com/pgEdge/postgresql-docs/builder/sgml/node.go:61.26,62.35 1 1
github.com/pgEdge/postgresql-docs/builder/sgml/node.go:62.35,63.45 1 1
github.com/pgEdge/postgresql-docs/builder/sgml/node.go:63.45,65.5 1 1
github.com/pgEdge/postgresql-docs/builder/sgml/node.go:66.4,66.11 1 1
github.com/pgEdge/postgresql-docs/builder/sgml/node.go:69.2,70.15 2 1
github.com/pgEdge/postgresql-docs/builder/sgml/node.go:75.37,76.24 1 1
github.com/pgEdge/postgresql-docs/builder/sgml/node.go:76.24,78.3 1 1
github.com/pgEdge/postgresql-docs/builder/sgml/node.go:79.2,80.31 2 1
github.com/pgEdge/postgresql-docs/builder/sgml/node.go:80.31,82.3 1 1
github.com/pgEdge/postgresql-docs/builder/sgml/node.go:83.2,83.19 1 1
github.com/pgEdge/postgresql-docs/builder/sgml/node.go:87.41,90.2 2 1
github.com/pgEdge/postgresql-docs/builder/sgml/parser.go:64.40,69.2 1 1
github.com/pgEdge/postgresql-docs/builder/sgml/parser.go:72.41,79.16 3 1
github.com/pgEdge/postgresql-docs/builder/sgml/parser.go:79.16,81.3 1 0
github.com/pgEdge/postgresql-docs/builder/sgml/parser.go:83.2,83.18 1 1
github.com/pgEdge/postgresql-docs/builder/sgml/parser.go:87.38,89.2 1 1
github.com/pgEdge/postgresql-docs/builder/sgml/parser.go:93.52,94.28 1 1
github.com/pgEdge/postgresql-docs/builder/sgml/parser.go:94.28,97.19 2 1
github.com/pgEdge/postgresql-docs/builder/sgml/parser.go:98.17,99.14 1 1
github.com/pgEdge/postgresql-docs/builder/sgml/parser.go:101.18,106.18 3 1
github.com/pgEdge/postgresql-docs/builder/sgml/parser.go:106.18,113.5 2 1
github.com/pgEdge/postgresql-docs/builder/sgml/parser.go:115.21,122.29 3 1
github.com/pgEdge/postgresql-docs/builder/sgml/parser.go:124.16,125.11 1 1
github.com/pgEdge/postgresql-docs/builder/sgml/parser.go:127.22,129.29 1 1
github.com/pgEdge/postgresql-docs/builder/sgml/parser.go:129.29,132.5 2 1
github.com/pgEdge/postgresql-docs/builder/sgml/parser.go:134.4,134.29 1 1
github.com/pgEdge/postgresql-docs/builder/sgml/parser.go:134.29,142.13 4 1
github.com/pgEdge/postgresql-docs/builder/sgml/parser.go:146.4,146.37 1 1
github.com/pgEdge/postgresql-docs/builder/sgml/parser.go:146.37,148.5 1 1
github.com/pgEdge/postgresql-docs/builder/sgml/parser.go:150.4,152.11 2 1
github.com/pgEdge/postgresql-docs/builder/sgml/parser.go:154.21,158.29 2 1
github.com/pgEdge/postgresql-docs/builder/sgml/parser.go:158.29,161.45 2 1
github.com/pgEdge/postgresql-docs/builder/sgml/parser.go:161.45,163.6 1 1
github.com/pgEdge/postgresql-docs/builder/sgml/parser.go:164.5,171.13 4 1
github.com/pgEdge/postgresql-docs/builder/sgml/parser.go:174.4,184.61 4 1
github.com/pgEdge/postgresql-docs/builder/sgml/parser.go:184.61,186.5 1 1
github.com/pgEdge/postgresql-docs/builder/sgml/parser.go:188.4,188.43 1 1
github.com/pgEdge/postgresql-docs/builder/sgml/parser.go:188.43,190.13 1 1
github.com/pgEdge/postgresql-docs/builder/sgml/parser.go:194.4,194.49 1 1
github.com/pgEdge/postgresql-docs/builder/sgml/parser.go:194.49,196.5 1 0
github.com/pgEdge/postgresql-docs/builder/sgml/parser.go:200.2,200.12 1 0
github.com/pgEdge/postgresql-docs/builder/sgml/parser.go:205.58,206.47 1 1
github.com/pgEdge/postgresql-docs/builder/sgml/parser.go:206.47,207.19 1 1
github.com/pgEdge/postgresql-docs/builder/sgml/parser.go:207.19,209.4 1 1
github.com/pgEdge/postgresql-docs/builder/sgml/parser.go:211.2,211.14 1 1
github.com/pgEdge/postgresql-docs/builder/sgml/parser.go:215.69,218.2 2 1
github.com/pgEdge/postgresql-docs/builder/sgml/parser.go:221.60,222.18 1 1
github.com/pgEdge/postgresql-docs/builder/sgml/parser.go:222.18,224.3 1 1
github.com/pgEdge/postgresql-docs/builder/sgml/parser.go:225.2,226.26 2 1
github.com/pgEdge/postgresql-docs/builder/sgml/parser.go:226.26,227.36 1 1
github.com/pgEdge/postgresql-docs/builder/sgml/parser.go:227.36,229.4 1 1
github.com/pgEdge/postgresql-docs/builder/sgml/parser.go:231.2,231.22 1 1
github.com/pgEdge/postgresql-docs/builder/sgml/parser.go:231.22,233.3 1 1
github.com/pgEdge/postgresql-docs/builder/sgml/parser.go:234.2,234.15 1 1
github.com/pgEdge/postgresql-docs/builder/sgml/parser.go:239.57,245.2 5 1
github.com/pgEdge/postgresql-docs/builder/sgml/tokenizer.go:38.44,44.2 1 1
github.com/pgEdge/postgresql-docs/builder/sgml/tokenizer.go:47.34,48.27 1 1
github.com/pgEdge/postgresql-docs/builder/sgml/tokenizer.go:48.27,50.3 1 1
github.com/pgEdge/postgresql-docs/builder/sgml/tokenizer.go:52.2,52.27 1 1
github.com/pgEdge/postgresql-docs/builder/sgml/tokenizer.go:52.27,54.3 1 1
github.com/pgEdge/postgresql-docs/builder/sgml/tokenizer.go:56.2,56.21 1 1
github.com/pgEdge/postgresql-docs/builder/sgml/tokenizer.go:60.40,62.6 2 1
github.com/pgEdge/postgresql-docs/builder/sgml/tokenizer.go:62.6,65.27 3 1
github.com/pgEdge/postgresql-docs/builder/sgml/tokenizer.go:65.27,66.9 1 1
github.com/pgEdge/postgresql-docs/builder/sgml/tokenizer.go:69.2,69.15 1 1
github.com/pgEdge/postgresql-docs/builder/sgml/tokenizer.go:73.38,76.52 3 1
github.com/pgEdge/postgresql-docs/builder/sgml/tokenizer.go:76.52,77.29 1 1
github.com/pgEdge/postgresql-docs/builder/sgml/tokenizer.go:77.29,79.4 1 1
github.com/pgEdge/postgresql-docs/builder/sgml/tokenizer.go:80.3,80.10 1 1
github.com/pgEdge/postgresql-docs/builder/sgml/tokenizer.go:82.2,83.55 2 1
github.com/pgEdge/postgresql-docs/builder/sgml/tokenizer.go:87.37,91.30 2 1
github.com/pgEdge/postgresql-docs/builder/sgml/tokenizer.go:91.30,93.3 1 1
github.com/pgEdge/postgresql-docs/builder/sgml/tokenizer.go:98.2,98.25 1 1
github.com/pgEdge/postgresql-docs/builder/sgml/tokenizer.go:98.25,99.28 1 1
github.com/pgEdge/postgresql-docs/builder/sgml/tokenizer.go:99.28,103.4 2 1
github.com/pgEdge/postgresql-docs/builder/sgml/tokenizer.go:104.3,104.29 1 1
github.com/pgEdge/postgresql-docs/builder/sgml/tokenizer.go:110.2,110.23 1 1
github.com/pgEdge/postgresql-docs/builder/sgml/tokenizer.go:110.23,111.22 1 1
github.com/pgEdge/postgresql-docs/builder/sgml/tokenizer.go:111.22,115.4 2 1
github.com/pgEdge/postgresql-docs/builder/sgml/tokenizer.go:116.3,116.24 1 1
github.com/pgEdge/postgresql-docs/builder/sgml/tokenizer.go:124.2,124.45 1 1
github.com/pgEdge/postgresql-docs/builder/sgml/tokenizer.go:124.45,125.28 1 1
github.com/pgEdge/postgresql-docs/builder/sgml/tokenizer.go:125.28,127.4 1 1
github.com/pgEdge/postgresql-docs/builder/sgml/tokenizer.go:129.3,130.55 2 1
github.com/pgEdge/postgresql-docs/builder/sgml/tokenizer.go:134.2,134.23 1 1
github.com/pgEdge/postgresql-docs/builder/sgml/tokenizer.go:134.23,136.3 1 1
github.com/pgEdge/postgresql-docs/builder/sgml/tokenizer.go:139.2,139.28 1 1
github.com/pgEdge/postgresql-docs/builder/sgml/tokenizer.go:143.47,146.29 3 1
github.com/pgEdge/postgresql-docs/builder/sgml/tokenizer.go:146.29,147.29 1 1
github.com/pgEdge/postgresql-docs/builder/sgml/tokenizer.go:147.29,149.4 1 1
github.com/pgEdge/postgresql-docs/builder/sgml/tokenizer.go:150.3,150.82 1 1
github.com/pgEdge/postgresql-docs/builder/sgml/tokenizer.go:150.82,154.4 3 1
github.com/pgEdge/postgresql-docs/builder/sgml/tokenizer.go:155.3,155.10 1 1
github.com/pgEdge/postgresql-docs/builder/sgml/tokenizer.go:158.2,159.74 2 1
github.com/pgEdge/postgresql-docs/builder/sgml/tokenizer.go:163.49,166.29 3 1
github.com/pgEdge/postgresql-docs/builder/sgml/tokenizer.go:166.29,167.29 1 1
github.com/pgEdge/postgresql-docs/builder/sgml/tokenizer.go:167.29,169.4 1 1
github.com/pgEdge/postgresql-docs/builder/sgml/tokenizer.go:170.3,170.82 1 1
github.com/pgEdge/postgresql-docs/builder/sgml/tokenizer.go:170.82,174.4 3 1
github.com/pgEdge/postgresql-docs/builder/sgml/tokenizer.go:175.3,175.10 1 1
github.com/pgEdge/postgresql-docs/builder/sgml/tokenizer.go:178.2,179.77 2 1
github.com/pgEdge/postgresql-docs/builder/sgml/tokenizer.go:183.44,186.29 3 1
github.com/pgEdge/postgresql-docs/builder/sgml/tokenizer.go:186.29,187.29 1 1
github.com/pgEdge/postgresql-docs/builder/sgml/tokenizer.go:187.29,189.4 1 1
github.com/pgEdge/postgresql-docs/builder/sgml/tokenizer.go:190.3,190.55 1 1
github.com/pgEdge/postgresql-docs/builder/sgml/tokenizer.go:190.55,194.4 3 1
github.com/pgEdge/postgresql-docs/builder/sgml/tokenizer.go:195.3,195.10 1 1
github.com/pgEdge/postgresql-docs/builder/sgml/tokenizer.go:197.2,198.72 2 1
github.com/pgEdge/postgresql-docs/builder/sgml/tokenizer.go:203.53,206.27 3 1
github.com/pgEdge/postgresql-docs/builder/sgml/tokenizer.go:206.27,208.17 2 1
github.com/pgEdge/postgresql-docs/builder/sgml/tokenizer.go:208.17,210.4 1 1
github.com/pgEdge/postgresql-docs/builder/sgml/tokenizer.go:211.3,211.16 1 1
github.com/pgEdge/postgresql-docs/builder/sgml/tokenizer.go:211.16,213.4 1 1
github.com/pgEdge/postgresql-docs/builder/sgml/tokenizer.go:214.3,214.16 1 1
github.com/pgEdge/postgresql-docs/builder/sgml/tokenizer.go:214.16,216.18 2 1
github.com/pgEdge/postgresql-docs/builder/sgml/tokenizer.go:216.18,223.5 2 1
github.com/pgEdge/postgresql-docs/builder/sgml/tokenizer.go:225.3,225.10 1 1
github.com/pgEdge/postgresql-docs/builder/sgml/tokenizer.go:227.2,228.77 2 1
github.com/pgEdge/postgresql-docs/builder/sgml/tokenizer.go:232.50,240.51 5 1
github.com/pgEdge/postgresql-docs/builder/sgml/tokenizer.go:240.51,242.3 1 1
github.com/pgEdge/postgresql-docs/builder/sgml/tokenizer.go:244.2,248.3 1 1
github.com/pgEdge/postgresql-docs/builder/sgml/tokenizer.go:252.49,258.61 3 1
github.com/pgEdge/postgresql-docs/builder/sgml/tokenizer.go:258.61,261.3 1 1
github.com/pgEdge/postgresql-docs/builder/sgml/tokenizer.go:264.2,264.26 1 1
github.com/pgEdge/postgresql-docs/builder/sgml/tokenizer.go:264.26,266.57 2 1
github.com/pgEdge/postgresql-docs/builder/sgml/tokenizer.go:266.57,269.17 1 1
github.com/pgEdge/postgresql-docs/builder/sgml/tokenizer.go:269.17,272.5 2 1
github.com/pgEdge/postgresql-docs/builder/sgml/tokenizer.go:273.4,273.17 1 1
github.com/pgEdge/postgresql-docs/builder/sgml/tokenizer.go:273.17,276.80 2 1
github.com/pgEdge/postgresql-docs/builder/sgml/tokenizer.go:276.80,277.32 1 1
github.com/pgEdge/postgresql-docs/builder/sgml/tokenizer.go:277.32,279.7 1 1
github.com/pgEdge/postgresql-docs/builder/sgml/tokenizer.go:280.6,280.13 1 1
github.com/pgEdge/postgresql-docs/builder/sgml/tokenizer.go:282.5,282.54 1 1
github.com/pgEdge/postgresql-docs/builder/sgml/tokenizer.go:282.54,284.6 1 1
github.com/pgEdge/postgresql-docs/builder/sgml/tokenizer.go:285.5,285.82 1 1
github.com/pgEdge/postgresql-docs/builder/sgml/tokenizer.go:288.4,288.56 1 1
github.com/pgEdge/postgresql-docs/builder/sgml/tokenizer.go:292.2,296.54 2 1
github.com/pgEdge/postgresql-docs/builder/sgml/tokenizer.go:296.54,300.3 2 1
github.com/pgEdge/postgresql-docs/builder/sgml/tokenizer.go:302.2,306.51 3 1
github.com/pgEdge/postgresql-docs/builder/sgml/tokenizer.go:306.51,309.3 2 1
github.com/pgEdge/postgresql-docs/builder/sgml/tokenizer.go:312.2,312.51 1 1
github.com/pgEdge/postgresql-docs/builder/sgml/tokenizer.go:312.51,314.3 1 1
github.com/pgEdge/postgresql-docs/builder/sgml/tokenizer.go:316.2,327.17 3 1
github.com/pgEdge/postgresql-docs/builder/sgml/tokenizer.go:327.17,329.23 1 1
github.com/pgEdge/postgresql-docs/builder/sgml/tokenizer.go:329.23,331.4 1 0
github.com/pgEdge/postgresql-docs/builder/sgml/tokenizer.go:332.3,332.35 1 1
github.com/pgEdge/postgresql-docs/builder/sgml/tokenizer.go:335.2,335.12 1 1
github.com/pgEdge/postgresql-docs/builder/sgml/tokenizer.go:339.39,341.27 2 1
github.com/pgEdge/postgresql-docs/builder/sgml/tokenizer.go:341.27,344.53 2 1
github.com/pgEdge/postgresql-docs/builder/sgml/tokenizer.go:344.53,346.4 1 1
github.com/pgEdge/postgresql-docs/builder/sgml/tokenizer.go:346.9,347.9 1 1
github.com/pgEdge/postgresql-docs/builder/sgml/tokenizer.go:350.2,350.37 1 1
github.com/pgEdge/postgresql-docs/builder/sgml/tokenizer.go:354.56,356.6 2 1
github.com/pgEdge/postgresql-docs/builder/sgml/tokenizer.go:356.6,358.28 2 1
github.com/pgEdge/postgresql-docs/builder/sgml/tokenizer.go:358.28,359.9 1 1
github.com/pgEdge/postgresql-docs/builder/sgml/tokenizer.go:361.3,362.29 2 1
github.com/pgEdge/postgresql-docs/builder/sgml/tokenizer.go:362.29,363.9 1 1
github.com/pgEdge/postgresql-docs/builder/sgml/tokenizer.go:367.3,368.17 2 1
github.com/pgEdge/postgresql-docs/builder/sgml/tokenizer.go:368.17,371.12 2 1
github.com/pgEdge/postgresql-docs/builder/sgml/tokenizer.go:373.3,378.52 3 1
github.com/pgEdge/postgresql-docs/builder/sgml/tokenizer.go:378.52,383.4 4 1
github.com/pgEdge/postgresql-docs/builder/sgml/tokenizer.go:383.9,386.4 1 1
github.com/pgEdge/postgresql-docs/builder/sgml/tokenizer.go:388.2,388.14 1 1
github.com/pgEdge/postgresql-docs/builder/sgml/tokenizer.go:392.44,393.27 1 1
github.com/pgEdge/postgresql-docs/builder/sgml/tokenizer.go:393.27,395.3 1 1
github.com/pgEdge/postgresql-docs/builder/sgml/tokenizer.go:397.2,398.35 2 1
github.com/pgEdge/postgresql-docs/builder/sgml/tokenizer.go:398.35,401.55 3 1
github.com/pgEdge/postgresql-docs/builder/sgml/tokenizer.go:401.55,402.30 1 1
github.com/pgEdge/postgresql-docs/builder/sgml/tokenizer.go:402.30,404.5 1 1
github.com/pgEdge/postgresql-docs/builder/sgml/tokenizer.go:405.4,405.11 1 1
github.com/pgEdge/postgresql-docs/builder/sgml/tokenizer.go:407.3,408.27 2 1
github.com/pgEdge/postgresql-docs/builder/sgml/tokenizer.go:408.27,410.4 1 1
github.com/pgEdge/postgresql-docs/builder/sgml/tokenizer.go:411.3,411.13 1 1
github.com/pgEdge/postgresql-docs/builder/sgml/tokenizer.go:415.2,418.25 2 1
github.com/pgEdge/postgresql-docs/builder/sgml/tokenizer.go:418.25,420.3 1 1
github.com/pgEdge/postgresql-docs/builder/sgml/tokenizer.go:421.2,421.37 1 1
github.com/pgEdge/postgresql-docs/builder/sgml/tokenizer.go:425.38,426.62 1 1
github.com/pgEdge/postgresql-docs/builder/sgml/tokenizer.go:426.62,427.29 1 1
github.com/pgEdge/postgresql-docs/builder/sgml/tokenizer.go:427.29,429.4 1 1
github.com/pgEdge/postgresql-docs/builder/sgml/tokenizer.go:430.3,430.10 1 1
github.com/pgEdge/postgresql-docs/builder/sgml/tokenizer.go:437.40,439.46 1 1
github.com/pgEdge/postgresql-docs/builder/sgml/tokenizer.go:439.46,440.47 1 1
github.com/pgEdge/postgresql-docs/builder/sgml/tokenizer.go:440.47,442.4 1 1
github.com/pgEdge/postgresql-docs/builder/sgml/tokenizer.go:443.3,443.47 1 1
github.com/pgEdge/postgresql-docs/builder/sgml/tokenizer.go:443.47,445.4 1 1
github.com/pgEdge/postgresql-docs/builder/sgml/tokenizer.go:446.3,446.25 1 1
github.com/pgEdge/postgresql-docs/builder/sgml/tokenizer.go:446.25,449.12 1 1
github.com/pgEdge/postgresql-docs/builder/sgml/tokenizer.go:452.2,452.14 1 1
github.com/pgEdge/postgresql-docs/builder/sgml/tokenizer.go:458.46,460.29 1 1
github.com/pgEdge/postgresql-docs/builder/sgml/tokenizer.go:460.29,462.3 1 1
github.com/pgEdge/postgresql-docs/builder/sgml/tokenizer.go:463.2,470.12 2 1
github.com/pgEdge/postgresql-docs/builder/sgml/tokenizer.go:474.46,476.34 2 1
github.com/pgEdge/postgresql-docs/builder/sgml/tokenizer.go:476.34,478.3 1 1
github.com/pgEdge/postgresql-docs/builder/sgml/tokenizer.go:479.2,479.23 1 1
github.com/pgEdge/postgresql-docs/builder/sgml/tokenizer.go:479.23,480.28 1 1
github.com/pgEdge/postgresql-docs/builder/sgml/tokenizer.go:480.28,482.4 1 1
github.com/pgEdge/postgresql-docs/builder/sgml/tokenizer.go:484.2,484.13 1 1
github.com/pgEdge/postgresql-docs/builder/sgml/tokenizer.go:488.34,489.18 1 1
github.com/pgEdge/postgresql-docs/builder/sgml/tokenizer.go:490.20,491.25 1 1
github.com/pgEdge/postgresql-docs/builder/sgml/tokenizer.go:491.25,493.4 1 1
github.com/pgEdge/postgresql-docs/builder/sgml/tokenizer.go:494.3,494.58 1 1
github.com/pgEdge/postgresql-docs/builder/sgml/tokenizer.go:495.21,496.59 1 1
github.com/pgEdge/postgresql-docs/builder/sgml/tokenizer.go:497.17,499.21 2 1
github.com/pgEdge/postgresql-docs/builder/sgml/tokenizer.go:499.21,501.4 1 1
github.com/pgEdge/postgresql-docs/builder/sgml/tokenizer.go:502.3,502.59 1 1
github.com/pgEdge/postgresql-docs/builder/sgml/tokenizer.go:503.20,504.52 1 1
github.com/pgEdge/postgresql-docs/builder/sgml/tokenizer.go:505.15,506.47 1 1
github.com/pgEdge/postgresql-docs/builder/sgml/tokenizer.go:507.16,508.15 1 1
github.com/pgEdge/postgresql-docs/builder/sgml/tokenizer.go:510.2,510.18 1 1
github.com/pgEdge/postgresql-docs/builder/main.go:16.13,24.22 7 0
github.com/pgEdge/postgresql-docs/builder/main.go:24.22,28.3 3 0
github.com/pgEdge/postgresql-docs/builder/main.go:30.2,32.19 2 0
github.com/pgEdge/postgresql-docs/builder/main.go:32.19,36.3 3 0
github.com/pgEdge/postgresql-docs/builder/main.go:39.2,39.52 1 0
github.com/pgEdge/postgresql-docs/builder/main.go:39.52,42.3 2 0
github.com/pgEdge/postgresql-docs/builder/main.go:44.2,44.14 1 0
github.com/pgEdge/postgresql-docs/builder/main.go:44.14,48.3 3 0
github.com/pgEdge/postgresql-docs/builder/main.go:51.2,51.14 1 0
github.com/pgEdge/postgresql-docs/builder/main.go:51.14,53.3 1 0
github.com/pgEdge/postgresql-docs/builder/main.go:54.2,55.14 2 0
github.com/pgEdge/postgresql-docs/builder/main.go:55.14,57.33 2 0
github.com/pgEdge/postgresql-docs/builder/main.go:57.33,59.4 1 0
github.com/pgEdge/postgresql-docs/builder/main.go:61.2,64.14 2 0
github.com/pgEdge/postgresql-docs/builder/main.go:64.14,66.3 1 0
github.com/pgEdge/postgresql-docs/builder/main.go:67.2,69.16 3 0
github.com/pgEdge/postgresql-docs/builder/main.go:69.16,72.3 2 0
github.com/pgEdge/postgresql-docs/builder/main.go:74.2,74.14 1 0
github.com/pgEdge/postgresql-docs/builder/main.go:74.14,77.41 3 0
github.com/pgEdge/postgresql-docs/builder/main.go:77.41,79.4 1 0
github.com/pgEdge/postgresql-docs/builder/main.go:83.2,83.14 1 0
github.com/pgEdge/postgresql-docs/builder/main.go:83.14,85.3 1 0
github.com/pgEdge/postgresql-docs/builder/main.go:86.2,87.16 2 0
github.com/pgEdge/postgresql-docs/builder/main.go:87.16,90.3 2 0
github.com/pgEdge/postgresql-docs/builder/main.go:91.2,91.35 1 0
github.com/pgEdge/postgresql-docs/builder/main.go:91.35,93.30 2 0
github.com/pgEdge/postgresql-docs/builder/main.go:93.30,95.4 1 0
github.com/pgEdge/postgresql-docs/builder/main.go:99.2,99.14 1 0
github.com/pgEdge/postgresql-docs/builder/main.go:99.14,102.3 2 0
github.com/pgEdge/postgresql-docs/builder/main.go:103.2,104.44 2 0
github.com/pgEdge/postgresql-docs/builder/main.go:104.44,107.3 2 0
github.com/pgEdge/postgresql-docs/builder/main.go:109.2,110.39 2 0
github.com/pgEdge/postgresql-docs/builder/main.go:110.39,112.34 2 0
github.com/pgEdge/postgresql-docs/builder/main.go:112.34,114.4 1 0
github.com/pgEdge/postgresql-docs/builder/main.go:117.2,118.14 2 0
github.com/pgEdge/postgresql-docs/builder/main.go:118.14,120.3 1 0
github.com/pgEdge/postgresql-docs/builder/main.go:123.2,123.14 1 0
github.com/pgEdge/postgresql-docs/builder/main.go:123.14,125.3 1 0
github.com/pgEdge/postgresql-docs/builder/main.go:126.2,129.23 3 0
github.com/pgEdge/postgresql-docs/builder/main.go:129.23,130.49 1 0
github.com/pgEdge/postgresql-docs/builder/main.go:130.49,131.78 1 0
github.com/pgEdge/postgresql-docs/builder/main.go:131.78,134.5 2 0
github.com/pgEdge/postgresql-docs/builder/main.go:135.4,135.16 1 0
github.com/pgEdge/postgresql-docs/builder/main.go:135.16,137.5 1 0
github.com/pgEdge/postgresql-docs/builder/main.go:138.9,138.22 1 0
github.com/pgEdge/postgresql-docs/builder/main.go:138.22,140.4 1 0
github.com/pgEdge/postgresql-docs/builder/main.go:144.2,144.17 1 0
github.com/pgEdge/postgresql-docs/builder/main.go:144.17,145.15 1 0
github.com/pgEdge/postgresql-docs/builder/main.go:145.15,147.4 1 0
github.com/pgEdge/postgresql-docs/builder/main.go:148.3,149.17 2 0
github.com/pgEdge/postgresql-docs/builder/main.go:149.17,152.4 2 0
github.com/pgEdge/postgresql-docs/builder/main.go:154.3,154.34 1 0
github.com/pgEdge/postgresql-docs/builder/main.go:154.34,156.45 2 0
github.com/pgEdge/postgresql-docs/builder/main.go:156.45,158.5 1 0
github.com/pgEdge/postgresql-docs/builder/main.go:160.3,160.37 1 0
github.com/pgEdge/postgresql-docs/builder/main.go:160.37,162.48 2 0
github.com/pgEdge/postgresql-docs/builder/main.go:162.48,164.5 1 0
github.com/pgEdge/postgresql-docs/builder/main.go:166.3,166.70 1 0
github.com/pgEdge/postgresql-docs/builder/main.go:166.70,168.4 1 0
github.com/pgEdge/postgresql-docs/builder/main.go:172.2,174.23 3 0
github.com/pgEdge/postgresql-docs/builder/main.go:174.23,176.3 1 0
github.com/pgEdge/postgresql-docs/builder/main.go:177.2,177.15 1 0
